cmdbegin:collecttimestart
2012-10-17 10:55:00
cmdbegin:collecttimeend
cmdbegin:versionstart
Name:        WebSphere MQ
Version:     7.1.0.0
Level:       p000-L111024
BuildType:   IKAP - (Production)
Platform:    WebSphere MQ for AIX
Mode:        64-bit
O/S:         AIX 6.1
InstName:    Installation1
InstDesc:    
InstPath:    /usr/mqm
DataPath:    /var/mqm
Primary:     No
MaxCmdLevel: 710
cmdbegin:versionend
cmdbegin:qnamestart
QMNAME: QMUMBFEB
STATUS: Running
cmdbegin:qnameend
cmdbegin:lsstatusstart
LISTENER: LSNRPMTS
BACKLOG: 100
STATU: RUNNING
PORT: 1428
cmdbegin:lsstatusend
cmdbegin:chstatusstart
chstatusname: 313871000007B.1000A
BUFSRCVD: 2747
BUFSSENT: 2847
BYTSRCVD: 77332
BYTSSENT: 4057089
STATUS: RUNNING
chstatusname: PAY.BBMSA
BUFSRCVD: 13 530
BUFSSENT: 11 528
BYTSRCVD: 1748 34616
BYTSSENT: 1216 115123
STATUS: RUNNING RUNNING
chstatusname: PAY.BBMSA
BUFSRCVD: 13 530
BUFSSENT: 11 528
BYTSRCVD: 1748 34616
BYTSSENT: 1216 115123
STATUS: RUNNING RUNNING
chstatusname: 1000A.313871000007B
BUFSRCVD: 2844
BUFSSENT: 2809
BYTSRCVD: 4455502
BYTSSENT: 78860
STATUS: RUNNING
cmdbegin:chstatusend
cmdbegin:localqueuestart
QUEUE: DEADQ
CURDEPTH: 0
MAXDEPTH: 100000
TYPE: QLOCAL FIRST
QUEUE: DTTPMTS
CURDEPTH: 0
MAXDEPTH: 100000
TYPE: QLOCAL FIRST
QUEUE: ERRMSG
CURDEPTH: 3
MAXDEPTH: 100000
TYPE: QLOCAL FIRST
QUEUE: MSGMBFE_1
CURDEPTH: 0
MAXDEPTH: 100000
TYPE: QLOCAL FIRST
QUEUE: MSGMBFE_2
CURDEPTH: 0
MAXDEPTH: 100000
TYPE: QLOCAL FIRST
QUEUE: MSGTOBBMSB_1
CURDEPTH: 0
MAXDEPTH: 100000
TYPE: QLOCAL FIRST
QUEUE: MSGTOBBMSB_2
CURDEPTH: 0
MAXDEPTH: 100000
TYPE: QLOCAL FIRST
QUEUE: SYSTEM.ADMIN.ACCOUNTING.QUEUE
CURDEPTH: 0
MAXDEPTH: 3000
TYPE: QLOCAL NONE
QUEUE: SYSTEM.ADMIN.ACTIVITY.QUEUE
CURDEPTH: 0
MAXDEPTH: 5000
TYPE: QLOCAL FIRST
QUEUE: SYSTEM.ADMIN.CHANNEL.EVENT
CURDEPTH: 0
MAXDEPTH: 3000
TYPE: QLOCAL NONE
QUEUE: SYSTEM.ADMIN.COMMAND.EVENT
CURDEPTH: 0
MAXDEPTH: 5000
TYPE: QLOCAL NONE
QUEUE: SYSTEM.ADMIN.COMMAND.QUEUE
CURDEPTH: 0
MAXDEPTH: 3000
TYPE: QLOCAL NONE
QUEUE: SYSTEM.ADMIN.CONFIG.EVENT
CURDEPTH: 0
MAXDEPTH: 5000
TYPE: QLOCAL NONE
QUEUE: SYSTEM.ADMIN.LOGGER.EVENT
CURDEPTH: 0
MAXDEPTH: 3000
TYPE: QLOCAL NONE
QUEUE: SYSTEM.ADMIN.PERFM.EVENT
CURDEPTH: 0
MAXDEPTH: 3000
TYPE: QLOCAL NONE
QUEUE: SYSTEM.ADMIN.PUBSUB.EVENT
CURDEPTH: 0
MAXDEPTH: 5000
TYPE: QLOCAL FIRST
QUEUE: SYSTEM.ADMIN.QMGR.EVENT
CURDEPTH: 1
MAXDEPTH: 3000
TYPE: QLOCAL NONE
QUEUE: SYSTEM.ADMIN.STATISTICS.QUEUE
CURDEPTH: 0
MAXDEPTH: 3000
TYPE: QLOCAL NONE
QUEUE: SYSTEM.ADMIN.TRACE.ACTIVITY.QUEUE
CURDEPTH: 10.02.08
MAXDEPTH: 3000
TYPE: OFF PREDEFINED NONE
QUEUE: SYSTEM.ADMIN.TRACE.ROUTE.QUEUE
CURDEPTH: 0
MAXDEPTH: 5000
TYPE: QLOCAL FIRST
QUEUE: SYSTEM.AUTH.DATA.QUEUE
CURDEPTH: 102
MAXDEPTH: 999999999
TYPE: QLOCAL FIRST
QUEUE: SYSTEM.BROKER.ADMIN.STREAM
CURDEPTH: 0
MAXDEPTH: 5000
TYPE: QLOCAL FIRST
QUEUE: SYSTEM.BROKER.CONTROL.QUEUE
CURDEPTH: 0
MAXDEPTH: 5000
TYPE: QLOCAL FIRST
QUEUE: SYSTEM.BROKER.DEFAULT.STREAM
CURDEPTH: 0
MAXDEPTH: 5000
TYPE: QLOCAL FIRST
QUEUE: SYSTEM.BROKER.INTER.BROKER.COMMUNICATIONS
CURDEPTH: 10.02.13
MAXDEPTH: 999999999
TYPE: QMGR PREDEFINED FIRST
QUEUE: SYSTEM.CHANNEL.INITQ
CURDEPTH: 0
MAXDEPTH: 1000
TYPE: QLOCAL NONE
QUEUE: SYSTEM.CHANNEL.SYNCQ
CURDEPTH: 2
MAXDEPTH: 20000
TYPE: QLOCAL NONE
QUEUE: SYSTEM.CHLAUTH.DATA.QUEUE
CURDEPTH: 3
MAXDEPTH: 999999999
TYPE: QLOCAL FIRST
QUEUE: SYSTEM.CICS.INITIATION.QUEUE
CURDEPTH: 0
MAXDEPTH: 1000
TYPE: QLOCAL NONE
QUEUE: SYSTEM.CLUSTER.COMMAND.QUEUE
CURDEPTH: 0
MAXDEPTH: 999999999
TYPE: QLOCAL FIRST
QUEUE: SYSTEM.CLUSTER.HISTORY.QUEUE
CURDEPTH: 0
MAXDEPTH: 999999999
TYPE: QLOCAL FIRST
QUEUE: SYSTEM.CLUSTER.REPOSITORY.QUEUE
CURDEPTH: 10.02.04
MAXDEPTH: 999999999
TYPE: QMGR PREDEFINED FIRST
QUEUE: SYSTEM.CLUSTER.TRANSMIT.QUEUE
CURDEPTH: 0
MAXDEPTH: 999999999
TYPE: QLOCAL FIRST
QUEUE: SYSTEM.DEAD.LETTER.QUEUE
CURDEPTH: 0
MAXDEPTH: 999999999
TYPE: QLOCAL NONE
QUEUE: SYSTEM.DEFAULT.INITIATION.QUEUE
CURDEPTH: 10.02.03
MAXDEPTH: 1000
TYPE: QMGR PREDEFINED NONE
QUEUE: SYSTEM.DEFAULT.LOCAL.QUEUE
CURDEPTH: 0
MAXDEPTH: 5000
TYPE: QLOCAL FIRST
QUEUE: SYSTEM.DOTNET.XARECOVERY.QUEUE
CURDEPTH: 0
MAXDEPTH: 999999999
TYPE: QLOCAL FIRST
QUEUE: SYSTEM.DURABLE.SUBSCRIBER.QUEUE
CURDEPTH: 10.02.06
MAXDEPTH: 999999999
TYPE: QMGR PREDEFINED FIRST
QUEUE: SYSTEM.HIERARCHY.STATE
CURDEPTH: 2
MAXDEPTH: 999999999
TYPE: QLOCAL FIRST
QUEUE: SYSTEM.INTER.QMGR.CONTROL
CURDEPTH: 0
MAXDEPTH: 999999999
TYPE: QLOCAL FIRST
QUEUE: SYSTEM.INTER.QMGR.FANREQ
CURDEPTH: 0
MAXDEPTH: 999999999
TYPE: QLOCAL FIRST
QUEUE: SYSTEM.INTER.QMGR.PUBS
CURDEPTH: 0
MAXDEPTH: 999999999
TYPE: QLOCAL FIRST
QUEUE: SYSTEM.INTERNAL.REPLY.QUEUE
CURDEPTH: 0
MAXDEPTH: 999999999
TYPE: QLOCAL FIRST
QUEUE: SYSTEM.PENDING.DATA.QUEUE
CURDEPTH: 0
MAXDEPTH: 999999999
TYPE: QLOCAL FIRST
QUEUE: SYSTEM.RETAINED.PUB.QUEUE
CURDEPTH: 2
MAXDEPTH: 999999999
TYPE: QLOCAL FIRST
QUEUE: SYSTEM.SELECTION.EVALUATION.QUEUE
CURDEPTH: 10.02.07
MAXDEPTH: 999999999
TYPE: QMGR PREDEFINED FIRST
QUEUE: SYSTEM.SELECTION.VALIDATION.QUEUE
CURDEPTH: 10.02.07
MAXDEPTH: 999999999
TYPE: QMGR PREDEFINED FIRST
QUEUE: XM1000A
CURDEPTH: 0
MAXDEPTH: 100000
TYPE: QLOCAL FIRST
cmdbegin:localqueueend
cmdbegin:remotequeuestart
QUEUE: DTTTO1000A
TYPE: QREMOTE
RQMNAME: QMU1000A
RNAME: DTTPMTS
XMITQ: XM1000A
QUEUE: MSGTO1000A_1
TYPE: QREMOTE
RQMNAME: QMU1000A
RNAME: MSGCCPC_1
XMITQ: XM1000A
QUEUE: MSGTO1000A_2
TYPE: QREMOTE
RQMNAME: QMU1000A
RNAME: MSGCCPC_2
XMITQ: XM1000A
QUEUE: SYSTEM.DEFAULT.REMOTE.QUEUE
TYPE: QREMOTE
RQMNAME:
RNAME:
XMITQ:
cmdbegin:remotequeueend
