Thu Dec  4 15:00:46 BEIST 2008

> Prog Name      Queue Name  Grp Name      ID RqDone Load Done Current Service
---------      ----------  --------      -- ------ --------- ---------------
SQLAGENT       00013.01200 GROUP13     1200     81      4050 (  IDLE )
BBL            160000      bill1          0    938     46900 (  IDLE )
SQLAGENT       00013.01201 GROUP13     1201   1143     57150 (  IDLE )
TMS_ORA        GROUP16_TMS GROUP16    30001    610     30500 (  IDLE )
TMS_ORA        GROUP15_TMS GROUP15    30001  37485   1874250 (  IDLE )
TMS_ORA        GROUP13_TMS GROUP13    30001   1444     72200 (  IDLE )
TMS_ORA        GROUP12_TMS GROUP12    30001 265673  13283650 (  IDLE )
TMS_ORA        GROUP11_TMS GROUP11    30001 321637  16081850 (  IDLE )
TMS_ORA        GROUP19_TMS GROUP19    30001      0         0 (  IDLE )
TMS_ORA        GROUP14_TMS GROUP14    30001      0         0 (  IDLE )
TMS_ORA        GROUP16_TMS GROUP16    30002  29516   1475800 (  IDLE )
TMS_ORA        GROUP15_TMS GROUP15    30002 454726  22736300 (  IDLE )
TMS_ORA        GROUP13_TMS GROUP13    30002 VERBOS 132461850 (  IDLE )
TMS_ORA        GROUP12_TMS GROUP12    30002 VERBOS 396766350 (  IDLE )
TMS_ORA        GROUP11_TMS GROUP11    30002 VERBOS 240903350 (  IDLE )
TMS_ORA        GROUP19_TMS GROUP19    30002      0         0 (  IDLE )
TMS_ORA        GROUP14_TMS GROUP14    30002      0         0 (  IDLE )
TMS_ORA        GROUP15_TMS GROUP15    30003 454404  22720200 (  IDLE )
TMS_ORA        GROUP13_TMS GROUP13    30003 VERBOS 132456550 (  IDLE )
TMS_ORA        GROUP12_TMS GROUP12    30003 VERBOS 398107200 (  IDLE )
TMS_ORA        GROUP11_TMS GROUP11    30003 VERBOS 240476800 (  IDLE )
TMS_ORA        GROUP12_TMS GROUP12    30004 VERBOS 395980550 (  IDLE )
TMS_ORA        GROUP11_TMS GROUP11    30004 VERBOS 240976200 (  IDLE )
TMS_ORA        GROUP12_TMS GROUP12    30005 VERBOS 392380950 (  IDLE )
SQLAGENT       00013.01220 GROUP13     1220  20981   1049050 (  IDLE )
SQLAGENT       00013.01221 GROUP13     1221 297921  14896050 (  IDLE )
SQLAGENT       00013.01230 GROUP13     1230 VERBOS 128264050 (  IDLE )
SQLAGENT       00013.01231 GROUP13     1231 VERBOS 199060100 (  IDLE )
ADJUST         00013.01240 GROUP13     1240   2009    100450 (  IDLE )
OWE            00013.01260 GROUP13     1260   5769    288450 (  IDLE )
SQLAGENT_XZ    00013.01270 GROUP13     1270      8       400 (  IDLE )
SQLAGENT_XZ    00013.01271 GROUP13     1271      6       300 (  IDLE )
SQLAGENT_XZ    00013.01272 GROUP13     1272      1        50 (  IDLE )
SQLAGENT_XZ    00013.01273 GROUP13     1273      6       300 (  IDLE )
SQLAGENT_XZ    00013.01274 GROUP13     1274      2       100 (  IDLE )
SQLAGENT_XZ    00013.01280 GROUP13     1280    609     30450 (  IDLE )
SQLAGENT_XZ    00013.01281 GROUP13     1281      1        50 (  IDLE )
SQLAGENT_XZ    00013.01282 GROUP13     1282     11       550 (  IDLE )
SQLAGENT_XZ    00013.01283 GROUP13     1283      2       100 (  IDLE )
SQLAGENT_XZ    00013.01284 GROUP13     1284     82      4100 (  IDLE )
SQLAGENT_XZ    00013.01290 GROUP13     1290 VERBOS 829677700 (  IDLE )
SQLAGENT_XZ    00013.01291 GROUP13     1291   4452    222600 (  IDLE )
SQLAGENT_XZ    00013.01292 GROUP13     1292  33790   1689500 (  IDLE )
SQLAGENT_XZ    00013.01293 GROUP13     1293 327972  16398600 (  IDLE )
SQLAGENT_XZ    00013.01294 GROUP13     1294 VERBOS 143007850 (  IDLE )
LOCAL_OWE_170_ 00017.01300 GROUP17     1300     16       800 (  IDLE )
AGENT_BILL     00015.01320 GROUP15     1320     73      3650 (  IDLE )
AGENT_BILL     00015.01321 GROUP15     1321     18       900 (  IDLE )
AGENT_BILL     00015.01322 GROUP15     1322     24      1200 (  IDLE )
AGENT_BILL     00015.01340 GROUP15     1340   1625     81250 (  IDLE )
AGENT_BILL     00015.01341 GROUP15     1341     42      2100 (  IDLE )
AGENT_BILL     00015.01342 GROUP15     1342  40991   2049550 (  IDLE )
AGENT_VS       00015.01380 GROUP15     1380   2144    107200 (  IDLE )
LOCAL_OWE_170  00016.01400 GROUP16     1400      0         0 (  IDLE )
LOCAL_OWE_170  00016.01401 GROUP16     1401      1        50 (  IDLE )
LOCAL_OWE_170  00016.01402 GROUP16     1402   2770    138500 (  IDLE )
LOCAL_OWE_170  00016.01403 GROUP16     1403      0         0 (  IDLE )
SQLAGENT1      00017.01510 GROUP17     1510      0         0 (  IDLE )
SQLAGENT1      00017.01511 GROUP17     1511      0         0 (  IDLE )
SQLAGENT1      00017.01512 GROUP17     1512      0         0 (  IDLE )
SQLAGENT1      00017.01520 GROUP17     1520      2       100 (  IDLE )
SQLAGENT1      00017.01521 GROUP17     1521    248     12400 (  IDLE )
SQLAGENT1      00017.01522 GROUP17     1522      9       450 (  IDLE )
SQLAGENT1      00017.01530 GROUP17     1530   5120    256000 (  IDLE )
SQLAGENT1      00017.01531 GROUP17     1531  86502   4325100 (  IDLE )
SQLAGENT1      00017.01532 GROUP17     1532 VERBOS  53398850 (  IDLE )
SQLAGENT1_XZ   00017.01540 GROUP17     1540      0         0 (  IDLE )
SQLAGENT1_XZ   00017.01541 GROUP17     1541      0         0 (  IDLE )
SQLAGENT1_XZ   00017.01542 GROUP17     1542      0         0 (  IDLE )
SQLAGENT1_XZ   00017.01550 GROUP17     1550      0         0 (  IDLE )
SQLAGENT1_XZ   00017.01551 GROUP17     1551      0         0 (  IDLE )
SQLAGENT1_XZ   00017.01552 GROUP17     1552      0         0 (  IDLE )
SQLAGENT1_XZ   00017.01560 GROUP17     1560      0         0 (  IDLE )
SQLAGENT1_XZ   00017.01561 GROUP17     1561      0         0 (  IDLE )
SQLAGENT1_XZ   00017.01562 GROUP17     1562      0         0 (  IDLE )
SQLAGENT2      00017.01570 GROUP17     1570      1        50 (  IDLE )
SQLAGENT2      00017.01571 GROUP17     1571      0         0 (  IDLE )
SQLAGENT2      00017.01572 GROUP17     1572      0         0 (  IDLE )
SQLAGENT2      00017.01573 GROUP17     1573      0         0 (  IDLE )
SQLAGENT2      00017.01574 GROUP17     1574      0         0 (  IDLE )
SQLAGENT2      00017.01575 GROUP17     1575      0         0 (  IDLE )
SQLAGENT2      00017.01576 GROUP17     1576      0         0 (  IDLE )
SQLAGENT2      00017.01577 GROUP17     1577      0         0 (  IDLE )
SQLAGENT2      00017.01578 GROUP17     1578    150      7500 (  IDLE )
SQLAGENT2      00017.01579 GROUP17     1579   7521    376050 (  IDLE )
QUERY_BILL     00017.01600 GROUP17     1600      0         0 (  IDLE )
WSL            00011.01000 GROUP11     1000      0         0 (  IDLE )
QUERY_BILL     00017.01601 GROUP17     1601      0         0 (  IDLE )
WSL            00011.01001 GROUP11     1001      0         0 (  IDLE )
QUERY_BILL     00017.01602 GROUP17     1602      0         0 (  IDLE )
QUERY_BILL     00017.01610 GROUP17     1610      0         0 (  IDLE )
QUERY_BILL     00017.01611 GROUP17     1611      0         0 (  IDLE )
QUERY_BILL     00017.01612 GROUP17     1612      0         0 (  IDLE )
QUERY_BILL     00017.01620 GROUP17     1620      0         0 (  IDLE )
STAFF_AUTH     00011.01020 GROUP11     1020 333056  16652800 (  IDLE )
QUERY_BILL     00017.01621 GROUP17     1621      0         0 (  IDLE )
STAFF_AUTH     00011.01021 GROUP11     1021  15669    783450 (  IDLE )
QUERY_BILL     00017.01622 GROUP17     1622      0         0 (  IDLE )
STAFF_AUTH     00011.01022 GROUP11     1022 VERBOS 279617050 (  IDLE )
STAFF_AUTH     00011.01023 GROUP11     1023    791     39550 (  IDLE )
AC_CASH_BILL   00011.01040 GROUP11     1040    152      7600 (  IDLE )
AC_CASH_BILL   00011.01041 GROUP11     1041     15       750 (  IDLE )
AC_CASH_BILL   00011.01042 GROUP11     1042   4946    247300 (  IDLE )
AC_CASH_BILL   00011.01043 GROUP11     1043 208719  10435950 (  IDLE )
BILL_FORMAT    00011.01060 GROUP11     1060      0         0 (  IDLE )
BILL_FORMAT    00011.01061 GROUP11     1061      1        50 (  IDLE )
BILL_FORMAT    00011.01062 GROUP11     1062      0         0 (  IDLE )
BILL_FORMAT    00011.01063 GROUP11     1063      0         0 (  IDLE )
BILL_FORMAT    00011.01064 GROUP11     1064      0         0 (  IDLE )
BILL_FORMAT    00011.01080 GROUP11     1080  13838    691900 (  IDLE )
BILL_FORMAT    00011.01081 GROUP11     1081  84227   4211350 (  IDLE )
BILL_FORMAT    00011.01082 GROUP11     1082   1422     71100 (  IDLE )
BILL_FORMAT    00011.01083 GROUP11     1083     13       650 (  IDLE )
BILL_FORMAT    00011.01084 GROUP11     1084    120      6000 (  IDLE )
CASH_BILL      00012.01100 GROUP12     1100     40      2000 (  IDLE )
CASH_BILL      00012.01101 GROUP12     1101    101      5050 (  IDLE )
CASH_BILL      00012.01102 GROUP12     1102     22      1100 (  IDLE )
QUERY_REAL     00017.01710 GROUP17     1710     68      3400 (  IDLE )
QUERY_REAL     00017.01711 GROUP17     1711      4       200 (  IDLE )
QUERY_REAL     00017.01712 GROUP17     1712   2219    110950 (  IDLE )
QUERY_REAL     00017.01713 GROUP17     1713 207174  10358700 (  IDLE )
QUERY_REAL     00017.01714 GROUP17     1714  31563   1578150 (  IDLE )
QUERY_REALFEE  00017.01720 GROUP17     1720      2       100 (  IDLE )
CASH_BILL      00012.01120 GROUP12     1120    354     17700 (  IDLE )
QUERY_REALFEE  00017.01721 GROUP17     1721      0         0 (  IDLE )
CASH_BILL      00012.01121 GROUP12     1121   2164    108200 (  IDLE )
QUERY_REALFEE  00017.01722 GROUP17     1722    120      6000 (  IDLE )
CASH_BILL      00012.01122 GROUP12     1122  14161    708050 (  IDLE )
QUERY_REALFEE  00017.01723 GROUP17     1723 150233   7511650 (  IDLE )
QUERY_REALFEE  00017.01724 GROUP17     1724   5559    277950 (  IDLE )
CASH_BILL      00012.01130 GROUP12     1130 VERBOS  54043200 GET_VALID_ACCT
CHECK_PASS_97  00017.01730 GROUP17     1730      7       350 (  IDLE )
CASH_BILL      00012.01131 GROUP12     1131 335042  16752100 GET_OWE_ITEM
CHECK_PASS_97  00017.01731 GROUP17     1731      2       100 (  IDLE )
CASH_BILL      00012.01132 GROUP12     1132  78378   3918900 (  IDLE )
CHECK_PASS_97  00017.01732 GROUP17     1732     46      2300 (  IDLE )
CHECK_PASS_97  00017.01733 GROUP17     1733  38897   1944850 (  IDLE )
CHECK_PASS_97  00017.01734 GROUP17     1734     89      4450 CHECK_PASS_97WS
SPECIAL_BILL   00013.01150 GROUP13     1150     52      2600 (  IDLE )
SPECIAL_BILL   00013.01151 GROUP13     1151      0         0 (  IDLE )
TRUST_BILL     00013.01160 GROUP13     1160      0         0 (  IDLE )
TRUST_BILL     00013.01161 GROUP13     1161      0         0 (  IDLE )
PUBLIC_SERVICE 00013.01180 GROUP13     1180  70433   3521650 (  IDLE )
PUBLIC_SERVICE 00013.01181 GROUP13     1181 VERBOS 238745200 (  IDLE )

> Service Name Routine Name Prog Name  Grp Name  ID    Machine  # Done Status
------------ ------------ ---------  --------  --    -------  ------ ------
SQLAGENT     SQLAGENT     SQLAGENT   GROUP+  1200      bill1      81 AVAIL
SQLAGENT     SQLAGENT     SQLAGENT   GROUP+  1201      bill1    1143 AVAIL
TMS          TMS          TMS_ORA    GROUP+ 30001      bill1       0 AVAIL
TMS          TMS          TMS_ORA    GROUP+ 30001      bill1       0 AVAIL
TMS          TMS          TMS_ORA    GROUP+ 30001      bill1       0 AVAIL
TMS          TMS          TMS_ORA    GROUP+ 30001      bill1       0 AVAIL
TMS          TMS          TMS_ORA    GROUP+ 30001      bill1       0 AVAIL
TMS          TMS          TMS_ORA    GROUP+ 30001      bill1       0 AVAIL
TMS          TMS          TMS_ORA    GROUP+ 30001      bill1       0 AVAIL
TMS          TMS          TMS_ORA    GROUP+ 30002      bill1       0 AVAIL
TMS          TMS          TMS_ORA    GROUP+ 30002      bill1       0 AVAIL
TMS          TMS          TMS_ORA    GROUP+ 30002      bill1       0 AVAIL
TMS          TMS          TMS_ORA    GROUP+ 30002      bill1       0 AVAIL
TMS          TMS          TMS_ORA    GROUP+ 30002      bill1       0 AVAIL
TMS          TMS          TMS_ORA    GROUP+ 30002      bill1       0 AVAIL
TMS          TMS          TMS_ORA    GROUP+ 30002      bill1       0 AVAIL
TMS          TMS          TMS_ORA    GROUP+ 30003      bill1       0 AVAIL
TMS          TMS          TMS_ORA    GROUP+ 30003      bill1       0 AVAIL
TMS          TMS          TMS_ORA    GROUP+ 30003      bill1       0 AVAIL
TMS          TMS          TMS_ORA    GROUP+ 30003      bill1       0 AVAIL
TMS          TMS          TMS_ORA    GROUP+ 30004      bill1       0 AVAIL
TMS          TMS          TMS_ORA    GROUP+ 30004      bill1       0 AVAIL
TMS          TMS          TMS_ORA    GROUP+ 30005      bill1       0 AVAIL
SQLAGENT     SQLAGENT     SQLAGENT   GROUP+  1220      bill1   20981 AVAIL
SQLAGENT     SQLAGENT     SQLAGENT   GROUP+  1221      bill1  297921 AVAIL
SQLAGENT     SQLAGENT     SQLAGENT   GROUP+  1230      bill1 2565281 AVAIL
SQLAGENT     SQLAGENT     SQLAGENT   GROUP+  1231      bill1 3981202 AVAIL
REIMBURSEME+ REIMBURSEME+ ADJUST     GROUP+  1240      bill1       0 AVAIL
GET_AD_CYCLE GET_AD_CYCLE ADJUST     GROUP+  1240      bill1       0 AVAIL
GET_AD_ACCT  GET_AD_ACCT  ADJUST     GROUP+  1240      bill1       0 AVAIL
GET_ADJUST_+ GET_ADJUST_+ ADJUST     GROUP+  1240      bill1       0 AVAIL
DUE_ADJUST   DUE_ADJUST   ADJUST     GROUP+  1240      bill1    1992 AVAIL
AD_DUE_CANC+ AD_DUE_CANC+ ADJUST     GROUP+  1240      bill1      17 AVAIL
ADJUST_CANC+ ADJUST_CANC+ ADJUST     GROUP+  1240      bill1       0 AVAIL
ADJUST       ADJUST       ADJUST     GROUP+  1240      bill1       0 AVAIL
SINGLE_URGE  SINGLE_URGE  OWE        GROUP+  1260      bill1       0 AVAIL
CURRENT_URGE CURRENT_URGE OWE        GROUP+  1260      bill1       0 AVAIL
CURRENT_SWI+ CURRENT_SWI+ OWE        GROUP+  1260      bill1    5769 AVAIL
SQLAGENT_XZ  SQLAGENT_XZ  SQLAGENT_+ GROUP+  1270      bill1       8 AVAIL
SQLAGENT_XZ  SQLAGENT_XZ  SQLAGENT_+ GROUP+  1271      bill1       6 AVAIL
SQLAGENT_XZ  SQLAGENT_XZ  SQLAGENT_+ GROUP+  1272      bill1       1 AVAIL
SQLAGENT_XZ  SQLAGENT_XZ  SQLAGENT_+ GROUP+  1273      bill1       6 AVAIL
SQLAGENT_XZ  SQLAGENT_XZ  SQLAGENT_+ GROUP+  1274      bill1       2 AVAIL
SQLAGENT_XZ  SQLAGENT_XZ  SQLAGENT_+ GROUP+  1280      bill1     609 AVAIL
SQLAGENT_XZ  SQLAGENT_XZ  SQLAGENT_+ GROUP+  1281      bill1       1 AVAIL
SQLAGENT_XZ  SQLAGENT_XZ  SQLAGENT_+ GROUP+  1282      bill1      11 AVAIL
SQLAGENT_XZ  SQLAGENT_XZ  SQLAGENT_+ GROUP+  1283      bill1       2 AVAIL
SQLAGENT_XZ  SQLAGENT_XZ  SQLAGENT_+ GROUP+  1284      bill1      82 AVAIL
SQLAGENT_XZ  SQLAGENT_XZ  SQLAGENT_+ GROUP+  1290      bill116593554 AVAIL
SQLAGENT_XZ  SQLAGENT_XZ  SQLAGENT_+ GROUP+  1291      bill1    4452 AVAIL
SQLAGENT_XZ  SQLAGENT_XZ  SQLAGENT_+ GROUP+  1292      bill1   33790 AVAIL
SQLAGENT_XZ  SQLAGENT_XZ  SQLAGENT_+ GROUP+  1293      bill1  327972 AVAIL
SQLAGENT_XZ  SQLAGENT_XZ  SQLAGENT_+ GROUP+  1294      bill1 2860157 AVAIL
QR_TOTAL_AC+ QR_TOTAL_AC+ LOCAL_OWE+ GROUP+  1300      bill1       0 AVAIL
QR_TICKET    QR_TICKET    LOCAL_OWE+ GROUP+  1300      bill1       0 AVAIL
QR_PAYMENT   QR_PAYMENT   LOCAL_OWE+ GROUP+  1300      bill1       0 AVAIL
QR_ACCT_SERV QR_ACCT_SERV LOCAL_OWE+ GROUP+  1300      bill1       0 AVAIL
NET_CALL_TI+ NET_CALL_TI+ LOCAL_OWE+ GROUP+  1300      bill1       0 AVAIL
CALL_TICKET+ CALL_TICKET+ LOCAL_OWE+ GROUP+  1300      bill1      16 AVAIL
CALL_MESSAG+ CALL_MESSAG+ LOCAL_OWE+ GROUP+  1300      bill1       0 AVAIL
CALL_LONG_QR CALL_LONG_QR LOCAL_OWE+ GROUP+  1300      bill1       0 AVAIL
UNBILL_BATCH UNBILL_BATCH AGENT_BILL GROUP+  1320      bill1       0 AVAIL
GET_OWE_BANK GET_OWE_BANK AGENT_BILL GROUP+  1320      bill1      65 AVAIL
GET_BANK_BA+ GET_BANK_BA+ AGENT_BILL GROUP+  1320      bill1       0 AVAIL
CASH_BILL_B+ CASH_BILL_B+ AGENT_BILL GROUP+  1320      bill1       0 AVAIL
A_DEP_REVER+ A_DEP_REVER+ AGENT_BILL GROUP+  1320      bill1       0 AVAIL
A_DEPOSIT    A_DEPOSIT    AGENT_BILL GROUP+  1320      bill1       8 AVAIL
A_CASH_REVE+ A_CASH_REVE+ AGENT_BILL GROUP+  1320      bill1       0 AVAIL
A_CASH_BILL  A_CASH_BILL  AGENT_BILL GROUP+  1320      bill1       0 AVAIL
A_BILL_REVE+ A_BILL_REVE+ AGENT_BILL GROUP+  1320      bill1       0 AVAIL
AGENT_INVOI+ AGENT_INVOI+ AGENT_BILL GROUP+  1320      bill1       0 AVAIL
UNBILL_BATCH UNBILL_BATCH AGENT_BILL GROUP+  1321      bill1       0 AVAIL
GET_OWE_BANK GET_OWE_BANK AGENT_BILL GROUP+  1321      bill1      15 AVAIL
GET_BANK_BA+ GET_BANK_BA+ AGENT_BILL GROUP+  1321      bill1       0 AVAIL
CASH_BILL_B+ CASH_BILL_B+ AGENT_BILL GROUP+  1321      bill1       0 AVAIL
A_DEP_REVER+ A_DEP_REVER+ AGENT_BILL GROUP+  1321      bill1       0 AVAIL
A_DEPOSIT    A_DEPOSIT    AGENT_BILL GROUP+  1321      bill1       3 AVAIL
A_CASH_REVE+ A_CASH_REVE+ AGENT_BILL GROUP+  1321      bill1       0 AVAIL
A_CASH_BILL  A_CASH_BILL  AGENT_BILL GROUP+  1321      bill1       0 AVAIL
A_BILL_REVE+ A_BILL_REVE+ AGENT_BILL GROUP+  1321      bill1       0 AVAIL
AGENT_INVOI+ AGENT_INVOI+ AGENT_BILL GROUP+  1321      bill1       0 AVAIL
UNBILL_BATCH UNBILL_BATCH AGENT_BILL GROUP+  1322      bill1       0 AVAIL
GET_OWE_BANK GET_OWE_BANK AGENT_BILL GROUP+  1322      bill1      20 AVAIL
GET_BANK_BA+ GET_BANK_BA+ AGENT_BILL GROUP+  1322      bill1       0 AVAIL
CASH_BILL_B+ CASH_BILL_B+ AGENT_BILL GROUP+  1322      bill1       0 AVAIL
A_DEP_REVER+ A_DEP_REVER+ AGENT_BILL GROUP+  1322      bill1       0 AVAIL
A_DEPOSIT    A_DEPOSIT    AGENT_BILL GROUP+  1322      bill1       3 AVAIL
A_CASH_REVE+ A_CASH_REVE+ AGENT_BILL GROUP+  1322      bill1       0 AVAIL
A_CASH_BILL  A_CASH_BILL  AGENT_BILL GROUP+  1322      bill1       1 AVAIL
A_BILL_REVE+ A_BILL_REVE+ AGENT_BILL GROUP+  1322      bill1       0 AVAIL
AGENT_INVOI+ AGENT_INVOI+ AGENT_BILL GROUP+  1322      bill1       0 AVAIL
UNBILL_BATCH UNBILL_BATCH AGENT_BILL GROUP+  1340      bill1       0 AVAIL
GET_OWE_BANK GET_OWE_BANK AGENT_BILL GROUP+  1340      bill1    1202 AVAIL
GET_BANK_BA+ GET_BANK_BA+ AGENT_BILL GROUP+  1340      bill1       0 AVAIL
CASH_BILL_B+ CASH_BILL_B+ AGENT_BILL GROUP+  1340      bill1       0 AVAIL
A_DEP_REVER+ A_DEP_REVER+ AGENT_BILL GROUP+  1340      bill1       3 AVAIL
A_DEPOSIT    A_DEPOSIT    AGENT_BILL GROUP+  1340      bill1     378 AVAIL
A_CASH_REVE+ A_CASH_REVE+ AGENT_BILL GROUP+  1340      bill1       0 AVAIL
A_CASH_BILL  A_CASH_BILL  AGENT_BILL GROUP+  1340      bill1      27 AVAIL
A_BILL_REVE+ A_BILL_REVE+ AGENT_BILL GROUP+  1340      bill1       0 AVAIL
AGENT_INVOI+ AGENT_INVOI+ AGENT_BILL GROUP+  1340      bill1      15 AVAIL
UNBILL_BATCH UNBILL_BATCH AGENT_BILL GROUP+  1341      bill1       0 AVAIL
GET_OWE_BANK GET_OWE_BANK AGENT_BILL GROUP+  1341      bill1      36 AVAIL
GET_BANK_BA+ GET_BANK_BA+ AGENT_BILL GROUP+  1341      bill1       0 AVAIL
CASH_BILL_B+ CASH_BILL_B+ AGENT_BILL GROUP+  1341      bill1       0 AVAIL
A_DEP_REVER+ A_DEP_REVER+ AGENT_BILL GROUP+  1341      bill1       0 AVAIL
A_DEPOSIT    A_DEPOSIT    AGENT_BILL GROUP+  1341      bill1       6 AVAIL
A_CASH_REVE+ A_CASH_REVE+ AGENT_BILL GROUP+  1341      bill1       0 AVAIL
A_CASH_BILL  A_CASH_BILL  AGENT_BILL GROUP+  1341      bill1       0 AVAIL
A_BILL_REVE+ A_BILL_REVE+ AGENT_BILL GROUP+  1341      bill1       0 AVAIL
AGENT_INVOI+ AGENT_INVOI+ AGENT_BILL GROUP+  1341      bill1       0 AVAIL
UNBILL_BATCH UNBILL_BATCH AGENT_BILL GROUP+  1342      bill1       0 AVAIL
GET_OWE_BANK GET_OWE_BANK AGENT_BILL GROUP+  1342      bill1   29762 AVAIL
GET_BANK_BA+ GET_BANK_BA+ AGENT_BILL GROUP+  1342      bill1       0 AVAIL
CASH_BILL_B+ CASH_BILL_B+ AGENT_BILL GROUP+  1342      bill1       0 AVAIL
A_DEP_REVER+ A_DEP_REVER+ AGENT_BILL GROUP+  1342      bill1      69 AVAIL
A_DEPOSIT    A_DEPOSIT    AGENT_BILL GROUP+  1342      bill1    9850 AVAIL
A_CASH_REVE+ A_CASH_REVE+ AGENT_BILL GROUP+  1342      bill1       0 AVAIL
A_CASH_BILL  A_CASH_BILL  AGENT_BILL GROUP+  1342      bill1     776 AVAIL
A_BILL_REVE+ A_BILL_REVE+ AGENT_BILL GROUP+  1342      bill1       4 AVAIL
AGENT_INVOI+ AGENT_INVOI+ AGENT_BILL GROUP+  1342      bill1     530 AVAIL
CASH_VS      CASH_VS      AGENT_VS   GROUP+  1380      bill1    2143 AVAIL
TOTAL_JF_QR  TOTAL_JF_QR  LOCAL_OWE+ GROUP+  1400      bill1       0 AVAIL
SERV_ID_QR   SERV_ID_QR   LOCAL_OWE+ GROUP+  1400      bill1       0 AVAIL
QR_OWE_CHAR+ QR_OWE_CHAR+ LOCAL_OWE+ GROUP+  1400      bill1       0 AVAIL
PAY_QR       PAY_QR       LOCAL_OWE+ GROUP+  1400      bill1       0 AVAIL
JF_UPDATE    JF_UPDATE    LOCAL_OWE+ GROUP+  1400      bill1       0 AVAIL
JF_REASON_A+ JF_REASON_A+ LOCAL_OWE+ GROUP+  1400      bill1       0 AVAIL
JF_DETAIL_QR JF_DETAIL_QR LOCAL_OWE+ GROUP+  1400      bill1       0 AVAIL
GET_QFEE_MI+ GET_QFEE_MI+ LOCAL_OWE+ GROUP+  1400      bill1       0 AVAIL
GET_FEE_MIN+ GET_FEE_MIN+ LOCAL_OWE+ GROUP+  1400      bill1       0 AVAIL
GET_FEE_CHA+ GET_FEE_CHA+ LOCAL_OWE+ GROUP+  1400      bill1       0 AVAIL
GET_B_C_170  GET_B_C_170  LOCAL_OWE+ GROUP+  1400      bill1       0 AVAIL
ACCT_ITEM_Q+ ACCT_ITEM_Q+ LOCAL_OWE+ GROUP+  1400      bill1       0 AVAIL
ACCT_ITEM_Q+ ACCT_ITEM_Q+ LOCAL_OWE+ GROUP+  1400      bill1       0 AVAIL
ACCT_ITEM_QR ACCT_ITEM_QR LOCAL_OWE+ GROUP+  1400      bill1       0 AVAIL
TOTAL_JF_QR  TOTAL_JF_QR  LOCAL_OWE+ GROUP+  1401      bill1       0 AVAIL
SERV_ID_QR   SERV_ID_QR   LOCAL_OWE+ GROUP+  1401      bill1       0 AVAIL
QR_OWE_CHAR+ QR_OWE_CHAR+ LOCAL_OWE+ GROUP+  1401      bill1       0 AVAIL
PAY_QR       PAY_QR       LOCAL_OWE+ GROUP+  1401      bill1       0 AVAIL
JF_UPDATE    JF_UPDATE    LOCAL_OWE+ GROUP+  1401      bill1       0 AVAIL
JF_REASON_A+ JF_REASON_A+ LOCAL_OWE+ GROUP+  1401      bill1       0 AVAIL
JF_DETAIL_QR JF_DETAIL_QR LOCAL_OWE+ GROUP+  1401      bill1       0 AVAIL
GET_QFEE_MI+ GET_QFEE_MI+ LOCAL_OWE+ GROUP+  1401      bill1       1 AVAIL
GET_FEE_MIN+ GET_FEE_MIN+ LOCAL_OWE+ GROUP+  1401      bill1       0 AVAIL
GET_FEE_CHA+ GET_FEE_CHA+ LOCAL_OWE+ GROUP+  1401      bill1       0 AVAIL
GET_B_C_170  GET_B_C_170  LOCAL_OWE+ GROUP+  1401      bill1       0 AVAIL
ACCT_ITEM_Q+ ACCT_ITEM_Q+ LOCAL_OWE+ GROUP+  1401      bill1       0 AVAIL
ACCT_ITEM_Q+ ACCT_ITEM_Q+ LOCAL_OWE+ GROUP+  1401      bill1       0 AVAIL
ACCT_ITEM_QR ACCT_ITEM_QR LOCAL_OWE+ GROUP+  1401      bill1       0 AVAIL
TOTAL_JF_QR  TOTAL_JF_QR  LOCAL_OWE+ GROUP+  1402      bill1       0 AVAIL
SERV_ID_QR   SERV_ID_QR   LOCAL_OWE+ GROUP+  1402      bill1       0 AVAIL
QR_OWE_CHAR+ QR_OWE_CHAR+ LOCAL_OWE+ GROUP+  1402      bill1       0 AVAIL
PAY_QR       PAY_QR       LOCAL_OWE+ GROUP+  1402      bill1       0 AVAIL
JF_UPDATE    JF_UPDATE    LOCAL_OWE+ GROUP+  1402      bill1       0 AVAIL
JF_REASON_A+ JF_REASON_A+ LOCAL_OWE+ GROUP+  1402      bill1       0 AVAIL
JF_DETAIL_QR JF_DETAIL_QR LOCAL_OWE+ GROUP+  1402      bill1       0 AVAIL
GET_QFEE_MI+ GET_QFEE_MI+ LOCAL_OWE+ GROUP+  1402      bill1    1485 AVAIL
GET_FEE_MIN+ GET_FEE_MIN+ LOCAL_OWE+ GROUP+  1402      bill1       0 AVAIL
GET_FEE_CHA+ GET_FEE_CHA+ LOCAL_OWE+ GROUP+  1402      bill1     171 AVAIL
GET_B_C_170  GET_B_C_170  LOCAL_OWE+ GROUP+  1402      bill1      10 AVAIL
ACCT_ITEM_Q+ ACCT_ITEM_Q+ LOCAL_OWE+ GROUP+  1402      bill1       4 AVAIL
ACCT_ITEM_Q+ ACCT_ITEM_Q+ LOCAL_OWE+ GROUP+  1402      bill1    1100 AVAIL
ACCT_ITEM_QR ACCT_ITEM_QR LOCAL_OWE+ GROUP+  1402      bill1       0 AVAIL
TOTAL_JF_QR  TOTAL_JF_QR  LOCAL_OWE+ GROUP+  1403      bill1       0 AVAIL
SERV_ID_QR   SERV_ID_QR   LOCAL_OWE+ GROUP+  1403      bill1       0 AVAIL
QR_OWE_CHAR+ QR_OWE_CHAR+ LOCAL_OWE+ GROUP+  1403      bill1       0 AVAIL
PAY_QR       PAY_QR       LOCAL_OWE+ GROUP+  1403      bill1       0 AVAIL
JF_UPDATE    JF_UPDATE    LOCAL_OWE+ GROUP+  1403      bill1       0 AVAIL
JF_REASON_A+ JF_REASON_A+ LOCAL_OWE+ GROUP+  1403      bill1       0 AVAIL
JF_DETAIL_QR JF_DETAIL_QR LOCAL_OWE+ GROUP+  1403      bill1       0 AVAIL
GET_QFEE_MI+ GET_QFEE_MI+ LOCAL_OWE+ GROUP+  1403      bill1       0 AVAIL
GET_FEE_MIN+ GET_FEE_MIN+ LOCAL_OWE+ GROUP+  1403      bill1       0 AVAIL
GET_FEE_CHA+ GET_FEE_CHA+ LOCAL_OWE+ GROUP+  1403      bill1       0 AVAIL
GET_B_C_170  GET_B_C_170  LOCAL_OWE+ GROUP+  1403      bill1       0 AVAIL
ACCT_ITEM_Q+ ACCT_ITEM_Q+ LOCAL_OWE+ GROUP+  1403      bill1       0 AVAIL
ACCT_ITEM_Q+ ACCT_ITEM_Q+ LOCAL_OWE+ GROUP+  1403      bill1       0 AVAIL
ACCT_ITEM_QR ACCT_ITEM_QR LOCAL_OWE+ GROUP+  1403      bill1       0 AVAIL
SQLAGENT1    SQLAGENT1    SQLAGENT1  GROUP+  1510      bill1       0 AVAIL
SQLAGENT1    SQLAGENT1    SQLAGENT1  GROUP+  1511      bill1       0 AVAIL
SQLAGENT1    SQLAGENT1    SQLAGENT1  GROUP+  1512      bill1       0 AVAIL
SQLAGENT1    SQLAGENT1    SQLAGENT1  GROUP+  1520      bill1       2 AVAIL
SQLAGENT1    SQLAGENT1    SQLAGENT1  GROUP+  1521      bill1     248 AVAIL
SQLAGENT1    SQLAGENT1    SQLAGENT1  GROUP+  1522      bill1       9 AVAIL
SQLAGENT1    SQLAGENT1    SQLAGENT1  GROUP+  1530      bill1    5120 AVAIL
SQLAGENT1    SQLAGENT1    SQLAGENT1  GROUP+  1531      bill1   86502 AVAIL
SQLAGENT1    SQLAGENT1    SQLAGENT1  GROUP+  1532      bill1 1067977 AVAIL
SQLAGENT1_XZ SQLAGENT1_XZ SQLAGENT1+ GROUP+  1540      bill1       0 AVAIL
SQLAGENT1_XZ SQLAGENT1_XZ SQLAGENT1+ GROUP+  1541      bill1       0 AVAIL
SQLAGENT1_XZ SQLAGENT1_XZ SQLAGENT1+ GROUP+  1542      bill1       0 AVAIL
SQLAGENT1_XZ SQLAGENT1_XZ SQLAGENT1+ GROUP+  1550      bill1       0 AVAIL
SQLAGENT1_XZ SQLAGENT1_XZ SQLAGENT1+ GROUP+  1551      bill1       0 AVAIL
SQLAGENT1_XZ SQLAGENT1_XZ SQLAGENT1+ GROUP+  1552      bill1       0 AVAIL
SQLAGENT1_XZ SQLAGENT1_XZ SQLAGENT1+ GROUP+  1560      bill1       0 AVAIL
SQLAGENT1_XZ SQLAGENT1_XZ SQLAGENT1+ GROUP+  1561      bill1       0 AVAIL
SQLAGENT1_XZ SQLAGENT1_XZ SQLAGENT1+ GROUP+  1562      bill1       0 AVAIL
SQLAGENT2    SQLAGENT2    SQLAGENT2  GROUP+  1570      bill1       1 AVAIL
SQLAGENT2    SQLAGENT2    SQLAGENT2  GROUP+  1571      bill1       0 AVAIL
SQLAGENT2    SQLAGENT2    SQLAGENT2  GROUP+  1572      bill1       0 AVAIL
SQLAGENT2    SQLAGENT2    SQLAGENT2  GROUP+  1573      bill1       0 AVAIL
SQLAGENT2    SQLAGENT2    SQLAGENT2  GROUP+  1574      bill1       0 AVAIL
SQLAGENT2    SQLAGENT2    SQLAGENT2  GROUP+  1575      bill1       0 AVAIL
SQLAGENT2    SQLAGENT2    SQLAGENT2  GROUP+  1576      bill1       0 AVAIL
SQLAGENT2    SQLAGENT2    SQLAGENT2  GROUP+  1577      bill1       0 AVAIL
SQLAGENT2    SQLAGENT2    SQLAGENT2  GROUP+  1578      bill1     150 AVAIL
SQLAGENT2    SQLAGENT2    SQLAGENT2  GROUP+  1579      bill1    7521 AVAIL
SEND_MSG     SEND_MSG     QUERY_BILL GROUP+  1600      bill1       0 AVAIL
RECEIVE_MSG  RECEIVE_MSG  QUERY_BILL GROUP+  1600      bill1       0 AVAIL
GETSERVBYAC+ GETSERVBYAC+ QUERY_BILL GROUP+  1600      bill1       0 AVAIL
GETACCTITEMS GETACCTITEMS QUERY_BILL GROUP+  1600      bill1       0 AVAIL
GETACCTBYAC+ GETACCTBYAC+ QUERY_BILL GROUP+  1600      bill1       0 AVAIL
EXECUTESQL   EXECUTESQL   QUERY_BILL GROUP+  1600      bill1       0 AVAIL
SEND_MSG     SEND_MSG     QUERY_BILL GROUP+  1601      bill1       0 AVAIL
RECEIVE_MSG  RECEIVE_MSG  QUERY_BILL GROUP+  1601      bill1       0 AVAIL
GETSERVBYAC+ GETSERVBYAC+ QUERY_BILL GROUP+  1601      bill1       0 AVAIL
GETACCTITEMS GETACCTITEMS QUERY_BILL GROUP+  1601      bill1       0 AVAIL
GETACCTBYAC+ GETACCTBYAC+ QUERY_BILL GROUP+  1601      bill1       0 AVAIL
EXECUTESQL   EXECUTESQL   QUERY_BILL GROUP+  1601      bill1       0 AVAIL
SEND_MSG     SEND_MSG     QUERY_BILL GROUP+  1602      bill1       0 AVAIL
RECEIVE_MSG  RECEIVE_MSG  QUERY_BILL GROUP+  1602      bill1       0 AVAIL
GETSERVBYAC+ GETSERVBYAC+ QUERY_BILL GROUP+  1602      bill1       0 AVAIL
GETACCTITEMS GETACCTITEMS QUERY_BILL GROUP+  1602      bill1       0 AVAIL
GETACCTBYAC+ GETACCTBYAC+ QUERY_BILL GROUP+  1602      bill1       0 AVAIL
EXECUTESQL   EXECUTESQL   QUERY_BILL GROUP+  1602      bill1       0 AVAIL
SEND_MSG     SEND_MSG     QUERY_BILL GROUP+  1610      bill1       0 AVAIL
RECEIVE_MSG  RECEIVE_MSG  QUERY_BILL GROUP+  1610      bill1       0 AVAIL
GETSERVBYAC+ GETSERVBYAC+ QUERY_BILL GROUP+  1610      bill1       0 AVAIL
GETACCTITEMS GETACCTITEMS QUERY_BILL GROUP+  1610      bill1       0 AVAIL
GETACCTBYAC+ GETACCTBYAC+ QUERY_BILL GROUP+  1610      bill1       0 AVAIL
EXECUTESQL   EXECUTESQL   QUERY_BILL GROUP+  1610      bill1       0 AVAIL
SEND_MSG     SEND_MSG     QUERY_BILL GROUP+  1611      bill1       0 AVAIL
RECEIVE_MSG  RECEIVE_MSG  QUERY_BILL GROUP+  1611      bill1       0 AVAIL
GETSERVBYAC+ GETSERVBYAC+ QUERY_BILL GROUP+  1611      bill1       0 AVAIL
GETACCTITEMS GETACCTITEMS QUERY_BILL GROUP+  1611      bill1       0 AVAIL
GETACCTBYAC+ GETACCTBYAC+ QUERY_BILL GROUP+  1611      bill1       0 AVAIL
EXECUTESQL   EXECUTESQL   QUERY_BILL GROUP+  1611      bill1       0 AVAIL
SEND_MSG     SEND_MSG     QUERY_BILL GROUP+  1612      bill1       0 AVAIL
RECEIVE_MSG  RECEIVE_MSG  QUERY_BILL GROUP+  1612      bill1       0 AVAIL
GETSERVBYAC+ GETSERVBYAC+ QUERY_BILL GROUP+  1612      bill1       0 AVAIL
GETACCTITEMS GETACCTITEMS QUERY_BILL GROUP+  1612      bill1       0 AVAIL
GETACCTBYAC+ GETACCTBYAC+ QUERY_BILL GROUP+  1612      bill1       0 AVAIL
EXECUTESQL   EXECUTESQL   QUERY_BILL GROUP+  1612      bill1       0 AVAIL
SEND_MSG     SEND_MSG     QUERY_BILL GROUP+  1620      bill1       0 AVAIL
RECEIVE_MSG  RECEIVE_MSG  QUERY_BILL GROUP+  1620      bill1       0 AVAIL
GETSERVBYAC+ GETSERVBYAC+ QUERY_BILL GROUP+  1620      bill1       0 AVAIL
GETACCTITEMS GETACCTITEMS QUERY_BILL GROUP+  1620      bill1       0 AVAIL
GETACCTBYAC+ GETACCTBYAC+ QUERY_BILL GROUP+  1620      bill1       0 AVAIL
EXECUTESQL   EXECUTESQL   QUERY_BILL GROUP+  1620      bill1       0 AVAIL
TICKET_QUERY TICKET_QUERY STAFF_AUTH GROUP+  1020      bill1    3780 AVAIL
STAFF_LOGOUT STAFF_LOGOUT STAFF_AUTH GROUP+  1020      bill1    9896 AVAIL
STAFF_AUTH   STAFF_AUTH   STAFF_AUTH GROUP+  1020      bill1   13910 AVAIL
ROLE_AUTH    ROLE_AUTH    STAFF_AUTH GROUP+  1020      bill1  305397 AVAIL
MODIFY_PASS+ MODIFY_PASS+ STAFF_AUTH GROUP+  1020      bill1      73 AVAIL
SEND_MSG     SEND_MSG     QUERY_BILL GROUP+  1621      bill1       0 AVAIL
RECEIVE_MSG  RECEIVE_MSG  QUERY_BILL GROUP+  1621      bill1       0 AVAIL
GETSERVBYAC+ GETSERVBYAC+ QUERY_BILL GROUP+  1621      bill1       0 AVAIL
GETACCTITEMS GETACCTITEMS QUERY_BILL GROUP+  1621      bill1       0 AVAIL
GETACCTBYAC+ GETACCTBYAC+ QUERY_BILL GROUP+  1621      bill1       0 AVAIL
EXECUTESQL   EXECUTESQL   QUERY_BILL GROUP+  1621      bill1       0 AVAIL
TICKET_QUERY TICKET_QUERY STAFF_AUTH GROUP+  1021      bill1     181 AVAIL
STAFF_LOGOUT STAFF_LOGOUT STAFF_AUTH GROUP+  1021      bill1     451 AVAIL
STAFF_AUTH   STAFF_AUTH   STAFF_AUTH GROUP+  1021      bill1     578 AVAIL
ROLE_AUTH    ROLE_AUTH    STAFF_AUTH GROUP+  1021      bill1   14456 AVAIL
MODIFY_PASS+ MODIFY_PASS+ STAFF_AUTH GROUP+  1021      bill1       3 AVAIL
SEND_MSG     SEND_MSG     QUERY_BILL GROUP+  1622      bill1       0 AVAIL
RECEIVE_MSG  RECEIVE_MSG  QUERY_BILL GROUP+  1622      bill1       0 AVAIL
GETSERVBYAC+ GETSERVBYAC+ QUERY_BILL GROUP+  1622      bill1       0 AVAIL
GETACCTITEMS GETACCTITEMS QUERY_BILL GROUP+  1622      bill1       0 AVAIL
GETACCTBYAC+ GETACCTBYAC+ QUERY_BILL GROUP+  1622      bill1       0 AVAIL
EXECUTESQL   EXECUTESQL   QUERY_BILL GROUP+  1622      bill1       0 AVAIL
TICKET_QUERY TICKET_QUERY STAFF_AUTH GROUP+  1022      bill1   62280 AVAIL
STAFF_LOGOUT STAFF_LOGOUT STAFF_AUTH GROUP+  1022      bill1  170084 AVAIL
STAFF_AUTH   STAFF_AUTH   STAFF_AUTH GROUP+  1022      bill1  252121 AVAIL
ROLE_AUTH    ROLE_AUTH    STAFF_AUTH GROUP+  1022      bill1 5106241 AVAIL
MODIFY_PASS+ MODIFY_PASS+ STAFF_AUTH GROUP+  1022      bill1    1615 AVAIL
TICKET_QUERY TICKET_QUERY STAFF_AUTH GROUP+  1023      bill1       8 AVAIL
STAFF_LOGOUT STAFF_LOGOUT STAFF_AUTH GROUP+  1023      bill1      28 AVAIL
STAFF_AUTH   STAFF_AUTH   STAFF_AUTH GROUP+  1023      bill1      40 AVAIL
ROLE_AUTH    ROLE_AUTH    STAFF_AUTH GROUP+  1023      bill1     715 AVAIL
MODIFY_PASS+ MODIFY_PASS+ STAFF_AUTH GROUP+  1023      bill1       0 AVAIL
STAFF_CHECK  STAFF_CHECK  AC_CASH_B+ GROUP+  1040      bill1       0 AVAIL
SITE_CHECK_+ SITE_CHECK_+ AC_CASH_B+ GROUP+  1040      bill1       0 AVAIL
SITE_CHECK   SITE_CHECK   AC_CASH_B+ GROUP+  1040      bill1       0 AVAIL
REGION_AUTH  REGION_AUTH  AC_CASH_B+ GROUP+  1040      bill1     142 AVAIL
PAYMENT_QUE+ PAYMENT_QUE+ AC_CASH_B+ GROUP+  1040      bill1       1 AVAIL
EXCH_CASH_C+ EXCH_CASH_C+ AC_CASH_B+ GROUP+  1040      bill1       0 AVAIL
DEL_COMM     DEL_COMM     AC_CASH_B+ GROUP+  1040      bill1       0 AVAIL
CREATE_COMM  CREATE_COMM  AC_CASH_B+ GROUP+  1040      bill1       0 AVAIL
CHECK_REVER+ CHECK_REVER+ AC_CASH_B+ GROUP+  1040      bill1       0 AVAIL
CHECKUP_CHE+ CHECKUP_CHE+ AC_CASH_B+ GROUP+  1040      bill1       6 AVAIL
BROADCAST    BROADCAST    AC_CASH_B+ GROUP+  1040      bill1       0 AVAIL
BILL_QUERY   BILL_QUERY   AC_CASH_B+ GROUP+  1040      bill1       3 AVAIL
STAFF_CHECK  STAFF_CHECK  AC_CASH_B+ GROUP+  1041      bill1       0 AVAIL
SITE_CHECK_+ SITE_CHECK_+ AC_CASH_B+ GROUP+  1041      bill1       0 AVAIL
SITE_CHECK   SITE_CHECK   AC_CASH_B+ GROUP+  1041      bill1       0 AVAIL
REGION_AUTH  REGION_AUTH  AC_CASH_B+ GROUP+  1041      bill1      14 AVAIL
PAYMENT_QUE+ PAYMENT_QUE+ AC_CASH_B+ GROUP+  1041      bill1       0 AVAIL
EXCH_CASH_C+ EXCH_CASH_C+ AC_CASH_B+ GROUP+  1041      bill1       0 AVAIL
DEL_COMM     DEL_COMM     AC_CASH_B+ GROUP+  1041      bill1       0 AVAIL
CREATE_COMM  CREATE_COMM  AC_CASH_B+ GROUP+  1041      bill1       0 AVAIL
CHECK_REVER+ CHECK_REVER+ AC_CASH_B+ GROUP+  1041      bill1       0 AVAIL
CHECKUP_CHE+ CHECKUP_CHE+ AC_CASH_B+ GROUP+  1041      bill1       1 AVAIL
BROADCAST    BROADCAST    AC_CASH_B+ GROUP+  1041      bill1       0 AVAIL
BILL_QUERY   BILL_QUERY   AC_CASH_B+ GROUP+  1041      bill1       0 AVAIL
STAFF_CHECK  STAFF_CHECK  AC_CASH_B+ GROUP+  1042      bill1      36 AVAIL
SITE_CHECK_+ SITE_CHECK_+ AC_CASH_B+ GROUP+  1042      bill1       1 AVAIL
SITE_CHECK   SITE_CHECK   AC_CASH_B+ GROUP+  1042      bill1      21 AVAIL
REGION_AUTH  REGION_AUTH  AC_CASH_B+ GROUP+  1042      bill1    4663 AVAIL
PAYMENT_QUE+ PAYMENT_QUE+ AC_CASH_B+ GROUP+  1042      bill1      33 AVAIL
EXCH_CASH_C+ EXCH_CASH_C+ AC_CASH_B+ GROUP+  1042      bill1       0 AVAIL
DEL_COMM     DEL_COMM     AC_CASH_B+ GROUP+  1042      bill1       0 AVAIL
CREATE_COMM  CREATE_COMM  AC_CASH_B+ GROUP+  1042      bill1       0 AVAIL
CHECK_REVER+ CHECK_REVER+ AC_CASH_B+ GROUP+  1042      bill1       1 AVAIL
CHECKUP_CHE+ CHECKUP_CHE+ AC_CASH_B+ GROUP+  1042      bill1     148 AVAIL
BROADCAST    BROADCAST    AC_CASH_B+ GROUP+  1042      bill1       0 AVAIL
BILL_QUERY   BILL_QUERY   AC_CASH_B+ GROUP+  1042      bill1      43 AVAIL
STAFF_CHECK  STAFF_CHECK  AC_CASH_B+ GROUP+  1043      bill1    2499 AVAIL
SITE_CHECK_+ SITE_CHECK_+ AC_CASH_B+ GROUP+  1043      bill1     107 AVAIL
SITE_CHECK   SITE_CHECK   AC_CASH_B+ GROUP+  1043      bill1    1149 AVAIL
REGION_AUTH  REGION_AUTH  AC_CASH_B+ GROUP+  1043      bill1  193723 AVAIL
PAYMENT_QUE+ PAYMENT_QUE+ AC_CASH_B+ GROUP+  1043      bill1    1298 AVAIL
EXCH_CASH_C+ EXCH_CASH_C+ AC_CASH_B+ GROUP+  1043      bill1       0 AVAIL
DEL_COMM     DEL_COMM     AC_CASH_B+ GROUP+  1043      bill1       0 AVAIL
CREATE_COMM  CREATE_COMM  AC_CASH_B+ GROUP+  1043      bill1       0 AVAIL
CHECK_REVER+ CHECK_REVER+ AC_CASH_B+ GROUP+  1043      bill1     152 AVAIL
CHECKUP_CHE+ CHECKUP_CHE+ AC_CASH_B+ GROUP+  1043      bill1    7895 AVAIL
BROADCAST    BROADCAST    AC_CASH_B+ GROUP+  1043      bill1       2 AVAIL
BILL_QUERY   BILL_QUERY   AC_CASH_B+ GROUP+  1043      bill1    1894 AVAIL
TRUST_PRINT  TRUST_PRINT  BILL_FORM+ GROUP+  1060      bill1       0 AVAIL
RECPTWANS    RECPTWANS    BILL_FORM+ GROUP+  1060      bill1       0 AVAIL
RECPTWAN     RECPTWAN     BILL_FORM+ GROUP+  1060      bill1       0 AVAIL
PRINT_RECEI+ PRINT_RECEI+ BILL_FORM+ GROUP+  1060      bill1       0 AVAIL
PRINT_INVOI+ PRINT_INVOI+ BILL_FORM+ GROUP+  1060      bill1       0 AVAIL
GRTVOX       GRTVOX       BILL_FORM+ GROUP+  1060      bill1       0 AVAIL
EXTRECPTWANS EXTRECPTWANS BILL_FORM+ GROUP+  1060      bill1       0 AVAIL
EXTRECPTWAN  EXTRECPTWAN  BILL_FORM+ GROUP+  1060      bill1       0 AVAIL
TRUST_PRINT  TRUST_PRINT  BILL_FORM+ GROUP+  1061      bill1       0 AVAIL
RECPTWANS    RECPTWANS    BILL_FORM+ GROUP+  1061      bill1       0 AVAIL
RECPTWAN     RECPTWAN     BILL_FORM+ GROUP+  1061      bill1       0 AVAIL
PRINT_RECEI+ PRINT_RECEI+ BILL_FORM+ GROUP+  1061      bill1       1 AVAIL
PRINT_INVOI+ PRINT_INVOI+ BILL_FORM+ GROUP+  1061      bill1       0 AVAIL
GRTVOX       GRTVOX       BILL_FORM+ GROUP+  1061      bill1       0 AVAIL
EXTRECPTWANS EXTRECPTWANS BILL_FORM+ GROUP+  1061      bill1       0 AVAIL
EXTRECPTWAN  EXTRECPTWAN  BILL_FORM+ GROUP+  1061      bill1       0 AVAIL
TRUST_PRINT  TRUST_PRINT  BILL_FORM+ GROUP+  1062      bill1       0 AVAIL
RECPTWANS    RECPTWANS    BILL_FORM+ GROUP+  1062      bill1       0 AVAIL
RECPTWAN     RECPTWAN     BILL_FORM+ GROUP+  1062      bill1       0 AVAIL
PRINT_RECEI+ PRINT_RECEI+ BILL_FORM+ GROUP+  1062      bill1       0 AVAIL
PRINT_INVOI+ PRINT_INVOI+ BILL_FORM+ GROUP+  1062      bill1       0 AVAIL
GRTVOX       GRTVOX       BILL_FORM+ GROUP+  1062      bill1       0 AVAIL
EXTRECPTWANS EXTRECPTWANS BILL_FORM+ GROUP+  1062      bill1       0 AVAIL
EXTRECPTWAN  EXTRECPTWAN  BILL_FORM+ GROUP+  1062      bill1       0 AVAIL
TRUST_PRINT  TRUST_PRINT  BILL_FORM+ GROUP+  1063      bill1       0 AVAIL
RECPTWANS    RECPTWANS    BILL_FORM+ GROUP+  1063      bill1       0 AVAIL
RECPTWAN     RECPTWAN     BILL_FORM+ GROUP+  1063      bill1       0 AVAIL
PRINT_RECEI+ PRINT_RECEI+ BILL_FORM+ GROUP+  1063      bill1       0 AVAIL
PRINT_INVOI+ PRINT_INVOI+ BILL_FORM+ GROUP+  1063      bill1       0 AVAIL
GRTVOX       GRTVOX       BILL_FORM+ GROUP+  1063      bill1       0 AVAIL
EXTRECPTWANS EXTRECPTWANS BILL_FORM+ GROUP+  1063      bill1       0 AVAIL
EXTRECPTWAN  EXTRECPTWAN  BILL_FORM+ GROUP+  1063      bill1       0 AVAIL
TRUST_PRINT  TRUST_PRINT  BILL_FORM+ GROUP+  1064      bill1       0 AVAIL
RECPTWANS    RECPTWANS    BILL_FORM+ GROUP+  1064      bill1       0 AVAIL
RECPTWAN     RECPTWAN     BILL_FORM+ GROUP+  1064      bill1       0 AVAIL
PRINT_RECEI+ PRINT_RECEI+ BILL_FORM+ GROUP+  1064      bill1       0 AVAIL
PRINT_INVOI+ PRINT_INVOI+ BILL_FORM+ GROUP+  1064      bill1       0 AVAIL
GRTVOX       GRTVOX       BILL_FORM+ GROUP+  1064      bill1       0 AVAIL
EXTRECPTWANS EXTRECPTWANS BILL_FORM+ GROUP+  1064      bill1       0 AVAIL
EXTRECPTWAN  EXTRECPTWAN  BILL_FORM+ GROUP+  1064      bill1       0 AVAIL
TRUST_PRINT  TRUST_PRINT  BILL_FORM+ GROUP+  1080      bill1       0 AVAIL
RECPTWANS    RECPTWANS    BILL_FORM+ GROUP+  1080      bill1      22 AVAIL
RECPTWAN     RECPTWAN     BILL_FORM+ GROUP+  1080      bill1      12 AVAIL
PRINT_RECEI+ PRINT_RECEI+ BILL_FORM+ GROUP+  1080      bill1   11478 AVAIL
PRINT_INVOI+ PRINT_INVOI+ BILL_FORM+ GROUP+  1080      bill1    2297 AVAIL
GRTVOX       GRTVOX       BILL_FORM+ GROUP+  1080      bill1      23 AVAIL
EXTRECPTWANS EXTRECPTWANS BILL_FORM+ GROUP+  1080      bill1       4 AVAIL
EXTRECPTWAN  EXTRECPTWAN  BILL_FORM+ GROUP+  1080      bill1       2 AVAIL
TRUST_PRINT  TRUST_PRINT  BILL_FORM+ GROUP+  1081      bill1       0 AVAIL
RECPTWANS    RECPTWANS    BILL_FORM+ GROUP+  1081      bill1     218 AVAIL
RECPTWAN     RECPTWAN     BILL_FORM+ GROUP+  1081      bill1      98 AVAIL
PRINT_RECEI+ PRINT_RECEI+ BILL_FORM+ GROUP+  1081      bill1   70435 AVAIL
PRINT_INVOI+ PRINT_INVOI+ BILL_FORM+ GROUP+  1081      bill1   12878 AVAIL
GRTVOX       GRTVOX       BILL_FORM+ GROUP+  1081      bill1     467 AVAIL
EXTRECPTWANS EXTRECPTWANS BILL_FORM+ GROUP+  1081      bill1      98 AVAIL
EXTRECPTWAN  EXTRECPTWAN  BILL_FORM+ GROUP+  1081      bill1      33 AVAIL
TRUST_PRINT  TRUST_PRINT  BILL_FORM+ GROUP+  1082      bill1       0 AVAIL
RECPTWANS    RECPTWANS    BILL_FORM+ GROUP+  1082      bill1       2 AVAIL
RECPTWAN     RECPTWAN     BILL_FORM+ GROUP+  1082      bill1       1 AVAIL
PRINT_RECEI+ PRINT_RECEI+ BILL_FORM+ GROUP+  1082      bill1    1169 AVAIL
PRINT_INVOI+ PRINT_INVOI+ BILL_FORM+ GROUP+  1082      bill1     247 AVAIL
GRTVOX       GRTVOX       BILL_FORM+ GROUP+  1082      bill1       1 AVAIL
EXTRECPTWANS EXTRECPTWANS BILL_FORM+ GROUP+  1082      bill1       1 AVAIL
EXTRECPTWAN  EXTRECPTWAN  BILL_FORM+ GROUP+  1082      bill1       1 AVAIL
TRUST_PRINT  TRUST_PRINT  BILL_FORM+ GROUP+  1083      bill1       0 AVAIL
RECPTWANS    RECPTWANS    BILL_FORM+ GROUP+  1083      bill1       0 AVAIL
RECPTWAN     RECPTWAN     BILL_FORM+ GROUP+  1083      bill1       0 AVAIL
PRINT_RECEI+ PRINT_RECEI+ BILL_FORM+ GROUP+  1083      bill1       8 AVAIL
PRINT_INVOI+ PRINT_INVOI+ BILL_FORM+ GROUP+  1083      bill1       5 AVAIL
GRTVOX       GRTVOX       BILL_FORM+ GROUP+  1083      bill1       0 AVAIL
EXTRECPTWANS EXTRECPTWANS BILL_FORM+ GROUP+  1083      bill1       0 AVAIL
EXTRECPTWAN  EXTRECPTWAN  BILL_FORM+ GROUP+  1083      bill1       0 AVAIL
TRUST_PRINT  TRUST_PRINT  BILL_FORM+ GROUP+  1084      bill1       0 AVAIL
RECPTWANS    RECPTWANS    BILL_FORM+ GROUP+  1084      bill1       0 AVAIL
RECPTWAN     RECPTWAN     BILL_FORM+ GROUP+  1084      bill1       0 AVAIL
PRINT_RECEI+ PRINT_RECEI+ BILL_FORM+ GROUP+  1084      bill1     102 AVAIL
PRINT_INVOI+ PRINT_INVOI+ BILL_FORM+ GROUP+  1084      bill1      17 AVAIL
GRTVOX       GRTVOX       BILL_FORM+ GROUP+  1084      bill1       1 AVAIL
EXTRECPTWANS EXTRECPTWANS BILL_FORM+ GROUP+  1084      bill1       0 AVAIL
EXTRECPTWAN  EXTRECPTWAN  BILL_FORM+ GROUP+  1084      bill1       0 AVAIL
LIQUIDATE    LIQUIDATE    CASH_BILL  GROUP+  1100      bill1       0 AVAIL
GET_VALID_A+ GET_VALID_A+ CASH_BILL  GROUP+  1100      bill1      21 AVAIL
GET_OWE_ITEM GET_OWE_ITEM CASH_BILL  GROUP+  1100      bill1      11 AVAIL
GET_OWE_ACCT GET_OWE_ACCT CASH_BILL  GROUP+  1100      bill1       0 AVAIL
GET_ADJUST_+ GET_ADJUST_+ CASH_BILL  GROUP+  1100      bill1       1 AVAIL
DEPOSIT_REV+ DEPOSIT_REV+ CASH_BILL  GROUP+  1100      bill1       0 AVAIL
DEPOSIT      DEPOSIT      CASH_BILL  GROUP+  1100      bill1       4 AVAIL
CASH_REVERSE CASH_REVERSE CASH_BILL  GROUP+  1100      bill1       1 AVAIL
CASH_BILL    CASH_BILL    CASH_BILL  GROUP+  1100      bill1       2 AVAIL
LIQUIDATE    LIQUIDATE    CASH_BILL  GROUP+  1101      bill1       0 AVAIL
GET_VALID_A+ GET_VALID_A+ CASH_BILL  GROUP+  1101      bill1      53 AVAIL
GET_OWE_ITEM GET_OWE_ITEM CASH_BILL  GROUP+  1101      bill1      27 AVAIL
GET_OWE_ACCT GET_OWE_ACCT CASH_BILL  GROUP+  1101      bill1       1 AVAIL
GET_ADJUST_+ GET_ADJUST_+ CASH_BILL  GROUP+  1101      bill1       1 AVAIL
DEPOSIT_REV+ DEPOSIT_REV+ CASH_BILL  GROUP+  1101      bill1       0 AVAIL
DEPOSIT      DEPOSIT      CASH_BILL  GROUP+  1101      bill1      14 AVAIL
CASH_REVERSE CASH_REVERSE CASH_BILL  GROUP+  1101      bill1       0 AVAIL
CASH_BILL    CASH_BILL    CASH_BILL  GROUP+  1101      bill1       5 AVAIL
LIQUIDATE    LIQUIDATE    CASH_BILL  GROUP+  1102      bill1       0 AVAIL
GET_VALID_A+ GET_VALID_A+ CASH_BILL  GROUP+  1102      bill1      12 AVAIL
GET_OWE_ITEM GET_OWE_ITEM CASH_BILL  GROUP+  1102      bill1       5 AVAIL
GET_OWE_ACCT GET_OWE_ACCT CASH_BILL  GROUP+  1102      bill1       0 AVAIL
GET_ADJUST_+ GET_ADJUST_+ CASH_BILL  GROUP+  1102      bill1       0 AVAIL
DEPOSIT_REV+ DEPOSIT_REV+ CASH_BILL  GROUP+  1102      bill1       0 AVAIL
DEPOSIT      DEPOSIT      CASH_BILL  GROUP+  1102      bill1       4 AVAIL
CASH_REVERSE CASH_REVERSE CASH_BILL  GROUP+  1102      bill1       0 AVAIL
CASH_BILL    CASH_BILL    CASH_BILL  GROUP+  1102      bill1       1 AVAIL
OWE_DUN_CHE+ OWE_DUN_CHE+ QUERY_REAL GROUP+  1710      bill1       0 AVAIL
GET_REALCHA+ GET_REALCHA+ QUERY_REAL GROUP+  1710      bill1      68 AVAIL
GET_ITEMREA+ GET_ITEMREA+ QUERY_REAL GROUP+  1710      bill1       0 AVAIL
GET_ACCNBR_+ GET_ACCNBR_+ QUERY_REAL GROUP+  1710      bill1       0 AVAIL
OWE_DUN_CHE+ OWE_DUN_CHE+ QUERY_REAL GROUP+  1711      bill1       0 AVAIL
GET_REALCHA+ GET_REALCHA+ QUERY_REAL GROUP+  1711      bill1       4 AVAIL
GET_ITEMREA+ GET_ITEMREA+ QUERY_REAL GROUP+  1711      bill1       0 AVAIL
GET_ACCNBR_+ GET_ACCNBR_+ QUERY_REAL GROUP+  1711      bill1       0 AVAIL
OWE_DUN_CHE+ OWE_DUN_CHE+ QUERY_REAL GROUP+  1712      bill1       0 AVAIL
GET_REALCHA+ GET_REALCHA+ QUERY_REAL GROUP+  1712      bill1    2198 AVAIL
GET_ITEMREA+ GET_ITEMREA+ QUERY_REAL GROUP+  1712      bill1      21 AVAIL
GET_ACCNBR_+ GET_ACCNBR_+ QUERY_REAL GROUP+  1712      bill1       0 AVAIL
OWE_DUN_CHE+ OWE_DUN_CHE+ QUERY_REAL GROUP+  1713      bill1       0 AVAIL
GET_REALCHA+ GET_REALCHA+ QUERY_REAL GROUP+  1713      bill1  205903 AVAIL
GET_ITEMREA+ GET_ITEMREA+ QUERY_REAL GROUP+  1713      bill1    1271 AVAIL
GET_ACCNBR_+ GET_ACCNBR_+ QUERY_REAL GROUP+  1713      bill1       0 AVAIL
OWE_DUN_CHE+ OWE_DUN_CHE+ QUERY_REAL GROUP+  1714      bill1       0 AVAIL
GET_REALCHA+ GET_REALCHA+ QUERY_REAL GROUP+  1714      bill1   31317 AVAIL
GET_ITEMREA+ GET_ITEMREA+ QUERY_REAL GROUP+  1714      bill1     246 AVAIL
GET_ACCNBR_+ GET_ACCNBR_+ QUERY_REAL GROUP+  1714      bill1       0 AVAIL
GET_REALFEE  GET_REALFEE  QUERY_REA+ GROUP+  1720      bill1       2 AVAIL
LIQUIDATE    LIQUIDATE    CASH_BILL  GROUP+  1120      bill1       0 AVAIL
GET_VALID_A+ GET_VALID_A+ CASH_BILL  GROUP+  1120      bill1     205 AVAIL
GET_OWE_ITEM GET_OWE_ITEM CASH_BILL  GROUP+  1120      bill1      76 AVAIL
GET_OWE_ACCT GET_OWE_ACCT CASH_BILL  GROUP+  1120      bill1       7 AVAIL
GET_ADJUST_+ GET_ADJUST_+ CASH_BILL  GROUP+  1120      bill1      16 AVAIL
DEPOSIT_REV+ DEPOSIT_REV+ CASH_BILL  GROUP+  1120      bill1       0 AVAIL
DEPOSIT      DEPOSIT      CASH_BILL  GROUP+  1120      bill1      39 AVAIL
CASH_REVERSE CASH_REVERSE CASH_BILL  GROUP+  1120      bill1       0 AVAIL
CASH_BILL    CASH_BILL    CASH_BILL  GROUP+  1120      bill1      11 AVAIL
GET_REALFEE  GET_REALFEE  QUERY_REA+ GROUP+  1721      bill1       0 AVAIL
LIQUIDATE    LIQUIDATE    CASH_BILL  GROUP+  1121      bill1       0 AVAIL
GET_VALID_A+ GET_VALID_A+ CASH_BILL  GROUP+  1121      bill1    1334 AVAIL
GET_OWE_ITEM GET_OWE_ITEM CASH_BILL  GROUP+  1121      bill1     469 AVAIL
GET_OWE_ACCT GET_OWE_ACCT CASH_BILL  GROUP+  1121      bill1      23 AVAIL
GET_ADJUST_+ GET_ADJUST_+ CASH_BILL  GROUP+  1121      bill1     113 AVAIL
DEPOSIT_REV+ DEPOSIT_REV+ CASH_BILL  GROUP+  1121      bill1       1 AVAIL
DEPOSIT      DEPOSIT      CASH_BILL  GROUP+  1121      bill1     185 AVAIL
CASH_REVERSE CASH_REVERSE CASH_BILL  GROUP+  1121      bill1       2 AVAIL
CASH_BILL    CASH_BILL    CASH_BILL  GROUP+  1121      bill1      37 AVAIL
GET_REALFEE  GET_REALFEE  QUERY_REA+ GROUP+  1722      bill1     120 AVAIL
LIQUIDATE    LIQUIDATE    CASH_BILL  GROUP+  1122      bill1       0 AVAIL
GET_VALID_A+ GET_VALID_A+ CASH_BILL  GROUP+  1122      bill1    8717 AVAIL
GET_OWE_ITEM GET_OWE_ITEM CASH_BILL  GROUP+  1122      bill1    2993 AVAIL
GET_OWE_ACCT GET_OWE_ACCT CASH_BILL  GROUP+  1122      bill1     184 AVAIL
GET_ADJUST_+ GET_ADJUST_+ CASH_BILL  GROUP+  1122      bill1     971 AVAIL
DEPOSIT_REV+ DEPOSIT_REV+ CASH_BILL  GROUP+  1122      bill1      11 AVAIL
DEPOSIT      DEPOSIT      CASH_BILL  GROUP+  1122      bill1    1062 AVAIL
CASH_REVERSE CASH_REVERSE CASH_BILL  GROUP+  1122      bill1       8 AVAIL
CASH_BILL    CASH_BILL    CASH_BILL  GROUP+  1122      bill1     215 AVAIL
GET_REALFEE  GET_REALFEE  QUERY_REA+ GROUP+  1723      bill1  150233 AVAIL
GET_REALFEE  GET_REALFEE  QUERY_REA+ GROUP+  1724      bill1    5559 AVAIL
LIQUIDATE    LIQUIDATE    CASH_BILL  GROUP+  1130      bill1       0 AVAIL
GET_VALID_A+ GET_VALID_A+ CASH_BILL  GROUP+  1130      bill1  681460 AVAIL
GET_OWE_ITEM GET_OWE_ITEM CASH_BILL  GROUP+  1130      bill1  217615 AVAIL
GET_OWE_ACCT GET_OWE_ACCT CASH_BILL  GROUP+  1130      bill1    8614 AVAIL
GET_ADJUST_+ GET_ADJUST_+ CASH_BILL  GROUP+  1130      bill1  103664 AVAIL
DEPOSIT_REV+ DEPOSIT_REV+ CASH_BILL  GROUP+  1130      bill1     976 AVAIL
DEPOSIT      DEPOSIT      CASH_BILL  GROUP+  1130      bill1   57995 AVAIL
CASH_REVERSE CASH_REVERSE CASH_BILL  GROUP+  1130      bill1     437 AVAIL
CASH_BILL    CASH_BILL    CASH_BILL  GROUP+  1130      bill1   10103 AVAIL
CHECK_PASS_+ CHECK_PASS_+ CHECK_PAS+ GROUP+  1730      bill1       7 AVAIL
LIQUIDATE    LIQUIDATE    CASH_BILL  GROUP+  1131      bill1       0 AVAIL
GET_VALID_A+ GET_VALID_A+ CASH_BILL  GROUP+  1131      bill1  209662 AVAIL
GET_OWE_ITEM GET_OWE_ITEM CASH_BILL  GROUP+  1131      bill1   68839 AVAIL
GET_OWE_ACCT GET_OWE_ACCT CASH_BILL  GROUP+  1131      bill1    3037 AVAIL
GET_ADJUST_+ GET_ADJUST_+ CASH_BILL  GROUP+  1131      bill1   28726 AVAIL
DEPOSIT_REV+ DEPOSIT_REV+ CASH_BILL  GROUP+  1131      bill1     282 AVAIL
DEPOSIT      DEPOSIT      CASH_BILL  GROUP+  1131      bill1   20637 AVAIL
CASH_REVERSE CASH_REVERSE CASH_BILL  GROUP+  1131      bill1     173 AVAIL
CASH_BILL    CASH_BILL    CASH_BILL  GROUP+  1131      bill1    3686 AVAIL
CHECK_PASS_+ CHECK_PASS_+ CHECK_PAS+ GROUP+  1731      bill1       2 AVAIL
LIQUIDATE    LIQUIDATE    CASH_BILL  GROUP+  1132      bill1       0 AVAIL
GET_VALID_A+ GET_VALID_A+ CASH_BILL  GROUP+  1132      bill1   48454 AVAIL
GET_OWE_ITEM GET_OWE_ITEM CASH_BILL  GROUP+  1132      bill1   16555 AVAIL
GET_OWE_ACCT GET_OWE_ACCT CASH_BILL  GROUP+  1132      bill1     798 AVAIL
GET_ADJUST_+ GET_ADJUST_+ CASH_BILL  GROUP+  1132      bill1    6111 AVAIL
DEPOSIT_REV+ DEPOSIT_REV+ CASH_BILL  GROUP+  1132      bill1      76 AVAIL
DEPOSIT      DEPOSIT      CASH_BILL  GROUP+  1132      bill1    5347 AVAIL
CASH_REVERSE CASH_REVERSE CASH_BILL  GROUP+  1132      bill1      49 AVAIL
CASH_BILL    CASH_BILL    CASH_BILL  GROUP+  1132      bill1     988 AVAIL
CHECK_PASS_+ CHECK_PASS_+ CHECK_PAS+ GROUP+  1732      bill1      46 AVAIL
CHECK_PASS_+ CHECK_PASS_+ CHECK_PAS+ GROUP+  1733      bill1   38897 AVAIL
CHECK_PASS_+ CHECK_PASS_+ CHECK_PAS+ GROUP+  1734      bill1      89 AVAIL
REIMBURSE_B+ REIMBURSE_B+ SPECIAL_B+ GROUP+  1150      bill1       0 AVAIL
COMMISSION_+ COMMISSION_+ SPECIAL_B+ GROUP+  1150      bill1      52 AVAIL
BADDEBT_BILL BADDEBT_BILL SPECIAL_B+ GROUP+  1150      bill1       0 AVAIL
REIMBURSE_B+ REIMBURSE_B+ SPECIAL_B+ GROUP+  1151      bill1       0 AVAIL
COMMISSION_+ COMMISSION_+ SPECIAL_B+ GROUP+  1151      bill1       0 AVAIL
BADDEBT_BILL BADDEBT_BILL SPECIAL_B+ GROUP+  1151      bill1       0 AVAIL
TRUST_REVER+ TRUST_REVER+ TRUST_BILL GROUP+  1160      bill1       0 AVAIL
TRUST_QUERY  TRUST_QUERY  TRUST_BILL GROUP+  1160      bill1       0 AVAIL
TRUST_BILL   TRUST_BILL   TRUST_BILL GROUP+  1160      bill1       0 AVAIL
TRUST_AGAIN  TRUST_AGAIN  TRUST_BILL GROUP+  1160      bill1       0 AVAIL
TRUST2DEPOS+ TRUST2DEPOS+ TRUST_BILL GROUP+  1160      bill1       0 AVAIL
TRUST2CASH   TRUST2CASH   TRUST_BILL GROUP+  1160      bill1       0 AVAIL
TR2DE_REVER+ TR2DE_REVER+ TRUST_BILL GROUP+  1160      bill1       0 AVAIL
QUERY_BANK   QUERY_BANK   TRUST_BILL GROUP+  1160      bill1       0 AVAIL
GET_TRUST    GET_TRUST    TRUST_BILL GROUP+  1160      bill1       0 AVAIL
CASH_TO_TRU+ CASH_TO_TRU+ TRUST_BILL GROUP+  1160      bill1       0 AVAIL
TRUST_REVER+ TRUST_REVER+ TRUST_BILL GROUP+  1161      bill1       0 AVAIL
TRUST_QUERY  TRUST_QUERY  TRUST_BILL GROUP+  1161      bill1       0 AVAIL
TRUST_BILL   TRUST_BILL   TRUST_BILL GROUP+  1161      bill1       0 AVAIL
TRUST_AGAIN  TRUST_AGAIN  TRUST_BILL GROUP+  1161      bill1       0 AVAIL
TRUST2DEPOS+ TRUST2DEPOS+ TRUST_BILL GROUP+  1161      bill1       0 AVAIL
TRUST2CASH   TRUST2CASH   TRUST_BILL GROUP+  1161      bill1       0 AVAIL
TR2DE_REVER+ TR2DE_REVER+ TRUST_BILL GROUP+  1161      bill1       0 AVAIL
QUERY_BANK   QUERY_BANK   TRUST_BILL GROUP+  1161      bill1       0 AVAIL
GET_TRUST    GET_TRUST    TRUST_BILL GROUP+  1161      bill1       0 AVAIL
CASH_TO_TRU+ CASH_TO_TRU+ TRUST_BILL GROUP+  1161      bill1       0 AVAIL
SET_INIT_CH+ SET_INIT_CH+ PUBLIC_SE+ GROUP+  1180      bill1     793 AVAIL
GET_SYS_SWI+ GET_SYS_SWI+ PUBLIC_SE+ GROUP+  1180      bill1   66093 AVAIL
GET_STAFF_C+ GET_STAFF_C+ PUBLIC_SE+ GROUP+  1180      bill1     887 AVAIL
GET_ORG_JUN+ GET_ORG_JUN+ PUBLIC_SE+ GROUP+  1180      bill1       0 AVAIL
GET_CUR_PAY+ GET_CUR_PAY+ PUBLIC_SE+ GROUP+  1180      bill1    2611 AVAIL
GET_BILL_CY+ GET_BILL_CY+ PUBLIC_SE+ GROUP+  1180      bill1      49 AVAIL
SET_INIT_CH+ SET_INIT_CH+ PUBLIC_SE+ GROUP+  1181      bill1   43123 AVAIL
GET_SYS_SWI+ GET_SYS_SWI+ PUBLIC_SE+ GROUP+  1181      bill1 4494169 AVAIL
GET_STAFF_C+ GET_STAFF_C+ PUBLIC_SE+ GROUP+  1181      bill1   65127 AVAIL
GET_ORG_JUN+ GET_ORG_JUN+ PUBLIC_SE+ GROUP+  1181      bill1       9 AVAIL
GET_CUR_PAY+ GET_CUR_PAY+ PUBLIC_SE+ GROUP+  1181      bill1  169424 AVAIL
GET_BILL_CY+ GET_BILL_CY+ PUBLIC_SE+ GROUP+  1181      bill1    3052 AVAIL

> Prog Name      Queue Name  # Serve Wk Queued  # Queued  Ave. Len    Machine
---------      ------------------- ---------  --------  --------    -------
STAFF_AUTH     00011.01022       1         0         0       0.0      bill1
QUERY_BILL     00017.01612       1         0         0       0.0      bill1
CASH_BILL      00012.01120       1         0         0       0.0      bill1
QUERY_REALFEE  00017.01722       1         0         0       0.0      bill1
SQLAGENT1      00017.01532       1         0         0       0.0      bill1
QUERY_BILL     00017.01611       1         0         0       0.0      bill1
SQLAGENT1      00017.01520       1         0         0       0.0      bill1
STAFF_AUTH     00011.01023       1         0         0       0.0      bill1
LOCAL_OWE_170  00016.01400       1         0         0       0.0      bill1
CHECK_PASS_97  00017.01733       1         0         0       0.0      bill1
CASH_BILL      00012.01131       1        50         1       0.0      bill1
AC_CASH_BILL   00011.01042       1         0         0       0.0      bill1
SQLAGENT2      00017.01575       1         0         0       0.0      bill1
LOCAL_OWE_170_ 00017.01300       1         0         0       0.0      bill1
CASH_BILL      00012.01122       1         0         0       0.0      bill1
QUERY_REAL     00017.01712       1         0         0       0.0      bill1
TRUST_BILL     00013.01161       1         0         0       0.0      bill1
OWE            00013.01260       1         0         0       0.0      bill1
QUERY_BILL     00017.01602       1         0         0       0.0      bill1
BILL_FORMAT    00011.01063       1         0         0       0.0      bill1
SQLAGENT1      00017.01522       1         0         0       0.0      bill1
QUERY_BILL     00017.01601       1         0         0       0.0      bill1
TMS_ORA        GROUP11_TMS       4         0         0       0.0      bill1
AGENT_VS       00015.01380       1         0         0       0.1      bill1
AGENT_BILL     00015.01322       1         0         0       2.7      bill1
SQLAGENT       00013.01221       1         0         0       0.0      bill1
QUERY_REALFEE  00017.01720       1         0         0       0.0      bill1
SQLAGENT2      00017.01576       1         0         0       0.0      bill1
BILL_FORMAT    00011.01080       1         0         0       0.0      bill1
SQLAGENT1_XZ   00017.01552       1         0         0       0.0      bill1
AGENT_BILL     00015.01342       1         0         0       0.0      bill1
SQLAGENT1      00017.01512       1         0         0       0.0      bill1
QUERY_REAL     00017.01713       1         0         0       0.0      bill1
CHECK_PASS_97  00017.01734       1        50         1       0.0      bill1
SQLAGENT_XZ    00013.01283       1         0         0       0.0      bill1
SQLAGENT2      00017.01570       1         0         0       0.0      bill1
SQLAGENT_XZ    00013.01280       1         0         0       0.0      bill1
SQLAGENT2      00017.01571       1         0         0       0.0      bill1
AC_CASH_BILL   00011.01043       1         0         0       0.0      bill1
SQLAGENT_XZ    00013.01282       1         0         0       0.0      bill1
SQLAGENT1      00017.01531       1         0         0       0.0      bill1
QUERY_BILL     00017.01620       1         0         0       0.0      bill1
SQLAGENT2      00017.01578       1         0         0       0.0      bill1
SQLAGENT_XZ    00013.01281       1         0         0       0.0      bill1
SQLAGENT1_XZ   00017.01562       1         0         0       0.0      bill1
QUERY_REAL     00017.01714       1         0         0       0.0      bill1
BILL_FORMAT    00011.01081       1         0         0       0.0      bill1
SQLAGENT1      00017.01521       1         0         0       0.0      bill1
SQLAGENT1_XZ   00017.01550       1         0         0       0.0      bill1
SQLAGENT       00013.01230       1         0         0       0.0      bill1
SQLAGENT1_XZ   00017.01551       1         0         0       0.0      bill1
CASH_BILL      00012.01132       1         0         0       0.0      bill1
SQLAGENT1      00017.01530       1         0         0       0.0      bill1
SQLAGENT1      00017.01511       1         0         0       0.0      bill1
SQLAGENT2      00017.01574       1         0         0       0.0      bill1
SQLAGENT_XZ    00013.01273       1         0         0       0.0      bill1
QUERY_BILL     00017.01600       1         0         0       0.0      bill1
TMS_ORA        GROUP19_TMS       2         0         0       0.0      bill1
SQLAGENT_XZ    00013.01270       1         0         0       0.0      bill1
TRUST_BILL     00013.01160       1         0         0       0.0      bill1
SQLAGENT1_XZ   00017.01542       1         0         0       0.0      bill1
CHECK_PASS_97  00017.01730       1         0         0       0.0      bill1
BILL_FORMAT    00011.01061       1         0         0       0.0      bill1
BILL_FORMAT    00011.01083       1         0         0       0.0      bill1
SQLAGENT2      00017.01577       1         0         0       0.0      bill1
LOCAL_OWE_170  00016.01401       1         0         0       0.0      bill1
TMS_ORA        GROUP13_TMS       3         0         0       0.0      bill1
CASH_BILL      00012.01101       1         0         0       0.0      bill1
SQLAGENT1      00017.01510       1         0         0       0.0      bill1
PUBLIC_SERVICE 00013.01181       1         0         0       0.0      bill1
TMS_ORA        GROUP12_TMS       5         0         0       0.2      bill1
PUBLIC_SERVICE 00013.01180       1         0         0       0.0      bill1
LOCAL_OWE_170  00016.01402       1         0         0       0.0      bill1
SQLAGENT1_XZ   00017.01561       1         0         0       0.0      bill1
STAFF_AUTH     00011.01020       1         0         0       0.0      bill1
STAFF_AUTH     00011.01021       1         0         0       0.0      bill1
SQLAGENT_XZ    00013.01272       1         0         0       0.0      bill1
SQLAGENT_XZ    00013.01292       1         0         0       0.0      bill1
QUERY_REALFEE  00017.01723       1         0         0       0.0      bill1
CHECK_PASS_97  00017.01731       1         0         0       0.0      bill1
QUERY_REAL     00017.01710       1         0         0       0.0      bill1
CASH_BILL      00012.01130       1        50         1       0.0      bill1
AC_CASH_BILL   00011.01041       1         0         0       0.1      bill1
SQLAGENT_XZ    00013.01271       1         0         0       0.0      bill1
SQLAGENT2      00017.01573       1         0         0       0.0      bill1
BILL_FORMAT    00011.01060       1         0         0       0.0      bill1
SQLAGENT_XZ    00013.01291       1         0         0       0.0      bill1
SPECIAL_BILL   00013.01150       1         0         0       0.0      bill1
CASH_BILL      00012.01121       1         0         0       0.0      bill1
BILL_FORMAT    00011.01082       1         0         0       0.0      bill1
SQLAGENT_XZ    00013.01274       1         0         0       0.0      bill1
SQLAGENT_XZ    00013.01294       1         0         0       0.0      bill1
AGENT_BILL     00015.01321       1         0         0       1.7      bill1
AGENT_BILL     00015.01340       1         0         0       0.1      bill1
QUERY_REALFEE  00017.01721       1         0         0       0.0      bill1
SQLAGENT1_XZ   00017.01541       1         0         0       0.0      bill1
SQLAGENT       00013.01231       1         0         0       0.0      bill1
TMS_ORA        GROUP16_TMS       2         0         0       0.0      bill1
AGENT_BILL     00015.01341       1         0         0       1.5      bill1
WSL            00011.01001       1         0         0       0.0      bill1
WSL            00011.01000       1         0         0       0.0      bill1
LOCAL_OWE_170  00016.01403       1         0         0       0.0      bill1
QUERY_REAL     00017.01711       1         0         0       0.0      bill1
BILL_FORMAT    00011.01084       1         0         0       0.0      bill1
SPECIAL_BILL   00013.01151       1         0         0       0.0      bill1
SQLAGENT       00013.01200       1         0         0       0.0      bill1
SQLAGENT1_XZ   00017.01560       1         0         0       0.0      bill1
TMS_ORA        GROUP14_TMS       2         0         0       0.0      bill1
QUERY_BILL     00017.01610       1         0         0       0.0      bill1
SQLAGENT_XZ    00013.01293       1         0         0       0.0      bill1
CASH_BILL      00012.01100       1         0         0       0.0      bill1
AC_CASH_BILL   00011.01040       1         0         0       0.0      bill1
SQLAGENT_XZ    00013.01290       1         0         0       0.0      bill1
QUERY_REALFEE  00017.01724       1         0         0       0.0      bill1
BILL_FORMAT    00011.01062       1         0         0       0.0      bill1
AGENT_BILL     00015.01320       1         0         0       1.6      bill1
CASH_BILL      00012.01102       1         0         0       0.0      bill1
CHECK_PASS_97  00017.01732       1         0         0       0.0      bill1
SQLAGENT2      00017.01579       1         0         0       0.0      bill1
ADJUST         00013.01240       1         0         0       0.0      bill1
QUERY_BILL     00017.01622       1         0         0       0.0      bill1
SQLAGENT_XZ    00013.01284       1         0         0       0.0      bill1
QUERY_BILL     00017.01621       1         0         0       0.0      bill1
SQLAGENT       00013.01201       1         0         0       0.0      bill1
BBL            160000            1         0         0       0.0      bill1
TMS_ORA        GROUP15_TMS       3         0         0       0.0      bill1
SQLAGENT1_XZ   00017.01540       1         0         0       0.0      bill1
SQLAGENT2      00017.01572       1         0         0       0.0      bill1
BILL_FORMAT    00011.01064       1         0         0       0.0      bill1
SQLAGENT       00013.01220       1         0         0       0.0      bill1

>      LMID         User Name       Client Name    Time    Status  Bgn/Cmmt/Abrt
--------------- --------------- --------------- -------- ------- -------------
bill1           bill            WSH             **:**:** IDLE    0/0/0
bill1           bill            WSH             **:**:** IDLE    0/0/0
bill1           bill            WSH             **:**:** IDLE    0/0/0
bill1           bill            WSH             **:**:** IDLE    0/0/0
bill1           bill            WSH             **:**:** IDLE    0/0/0
bill1           bill            WSH             **:**:** IDLE    0/0/0
bill1           bill            WSH             **:**:** IDLE    0/0/0
bill1           bill            WSH             **:**:** IDLE    0/0/0
bill1           bill            WSH             **:**:** IDLE    0/0/0
bill1           bill            WSH             **:**:** IDLE    0/0/0
bill1           bill            WSH             **:**:** IDLE    0/0/0
bill1           bill            WSH             **:**:** IDLE    0/0/0
bill1           bill            WSH             **:**:** IDLE    0/0/0
bill1           bill            WSH             **:**:** IDLE    0/0/0
bill1           bill            WSH             **:**:** IDLE    0/0/0
bill1           bill            WSH             **:**:** IDLE    0/0/0
bill1           bill            WSH             **:**:** IDLE    0/0/0
bill1           bill            WSH             **:**:** IDLE    0/0/0
bill1           bill            WSH             **:**:** IDLE    0/0/0
bill1           bill            WSH             **:**:** IDLE    0/0/0
bill1           bill            WSH             **:**:** IDLE    0/0/0
bill1           bill            WSH             **:**:** IDLE    0/0/0
bill1           bill            WSH             **:**:** IDLE    0/0/0
bill1           bill            WSH             **:**:** IDLE    0/0/0
bill1           bill            WSH             **:**:** IDLE    0/0/0
bill1           bill            WSH             **:**:** IDLE    0/0/0
bill1           bill            WSH             **:**:** IDLE    0/0/0
bill1           bill            WSH             **:**:** IDLE    0/0/0
bill1           bill            WSH             **:**:** IDLE    0/0/0
bill1           bill            WSH             **:**:** IDLE    0/0/0
bill1           bill            WSH             **:**:** IDLE    0/0/0
bill1           bill            WSH             **:**:** IDLE    0/0/0
bill1           bill            WSH             **:**:** IDLE    0/0/0
bill1           bill            WSH             **:**:** IDLE    0/0/0
bill1           bill            WSH             **:**:** IDLE    0/0/0
bill1           bill            WSH             **:**:** IDLE    0/0/0
bill1           bill            WSH             **:**:** IDLE    0/0/0
bill1           bill            WSH             **:**:** IDLE    0/0/0
bill1           bill            WSH             **:**:** IDLE    0/0/0
bill1           bill            WSH             **:**:** IDLE    0/0/0
bill1           bill            WSH             **:**:** IDLE    0/0/0
bill1           bill            WSH             **:**:** IDLE    0/0/0
bill1           bill            WSH             **:**:** IDLE    0/0/0
bill1           bill            WSH             **:**:** IDLE    0/0/0
bill1           bill            WSH             **:**:** IDLE    0/0/0
bill1           bill            WSH             **:**:** IDLE    0/0/0
bill1           bill            WSH             **:**:** IDLE    0/0/0
bill1           bill            WSH             **:**:** IDLE    0/0/0
bill1           bill            WSH             **:**:** IDLE    0/0/0
bill1           bill            WSH             **:**:** IDLE    0/0/0
bill1           bill            WSH             **:**:** IDLE    0/0/0
bill1           bill            WSH             **:**:** IDLE    0/0/0
bill1           bill            WSH             **:**:** IDLE    0/0/0
bill1           bill            WSH             **:**:** IDLE    0/0/0
bill1           bill            WSH             **:**:** IDLE    0/0/0
bill1                                            0:00:00 IDLE/W  1/1/0
bill1                                            0:00:00 BUSYT/W 1/0/0
bill1                                            0:01:10 IDLE/W  1/0/1
bill1                                            0:00:39 IDLE/W  1/1/0
bill1                                            0:02:05 IDLE/W  1/1/0
bill1                                            0:00:00 IDLE/W  1/1/0
bill1                                            0:00:00 IDLE/W  0/0/0
bill1                                            0:00:00 IDLE/W  1/1/0
bill1                                            0:00:00 IDLE/W  1/1/0
bill1                                            0:04:07 IDLE/W  1/0/1
bill1                                            0:01:10 IDLE/W  1/1/0
bill1                                            0:00:09 IDLE/W  1/1/0
bill1                                            0:00:00 IDLE/W  1/1/0
bill1                                            0:00:00 IDLE/W  1/1/0
bill1                                            0:00:00 IDLE/W  0/0/0
bill1                                            0:00:00 IDLE/W  1/1/0
bill1                                            0:00:00 BUSYT/W 2/1/0
bill1                                            0:00:00 IDLE/W  1/1/0
bill1                                            0:00:00 IDLE/W  1/1/0
bill1           bill            tmadmin          0:00:00 IDLE    0/0/0

> 