																						 show run
Building configuration...

Current configuration : 2740 bytes
!
! Last configuration change at 10:55:51 UTC Fri Jan 25 2013
! NVRAM config last updated at 10:43:51 UTC Mon Dec 3 2012
!
version 12.2
service timestamps debug uptime
service timestamps log uptime
no service password-encryption
!
hostname 3640
!
enable secret 5 $1$iIQT$SRXY4lsYkadRTINMo5UxB.
!
ip subnet-zero
ip flow-cache timeout inactive 10
ip flow-cache timeout active 1
!
!
!
call rsvp-sync
!
!
!
!
!
!
!
interface Loopback0
 ip address 1.1.151.1 255.255.255.255
!
interface FastEthernet0/0
 ip address 10.10.151.192 255.255.255.0
 ip route-cache flow
 speed auto
 half-duplex
!
interface FastEthernet0/1
 ip address 172.25.25.240 255.255.255.0
 ip route-cache flow
 duplex auto
 speed auto
!
interface FastEthernet1/0
 ip route-cache flow
 duplex auto
 speed auto
!
interface FastEthernet1/1
 no ip address
 duplex auto
 speed 100
!
interface Ethernet2/0
 ip address 192.168.11.1 255.255.255.0
 ip route-cache flow
 half-duplex
!
router bgp 151
 bgp log-neighbor-changes
 network 1.1.151.1 mask 255.255.255.255 route-map map151
 network 10.10.151.0 mask 255.255.255.0
 network 10.10.151.0 route-map map151
 network 172.25.25.0 mask 255.255.255.0
 neighbor 172.25.25.32 remote-as 32
 neighbor 172.25.25.32 send-community
 neighbor 192.168.11.2 remote-as 2
!
ip flow-export version 5 origin-as
ip flow-export destination 10.10.117.223 9000
ip classless
ip route 0.0.0.0 0.0.0.0 172.25.25.254
no ip http server
!
route-map map151 permit 10
 set community 9896087
!
snmp-server community public RW
snmp-server community ZDTT RO
snmp-server enable traps snmp authentication linkdown linkup coldstart warmstart
snmp-server enable traps tty
snmp-server enable traps casa
snmp-server enable traps isdn call-information
snmp-server enable traps isdn layer2
snmp-server enable traps isdn chan-not-avail
snmp-server enable traps isdn ietf
snmp-server enable traps hsrp
snmp-server enable traps config
snmp-server enable traps envmon
snmp-server enable traps ds0-busyout
snmp-server enable traps ds1-loopback
snmp-server enable traps bgp
snmp-server enable traps ipmulticast
snmp-server enable traps msdp
snmp-server enable traps rsvp
snmp-server enable traps frame-relay
snmp-server enable traps rtr
snmp-server enable traps syslog
snmp-server enable traps dlsw
snmp-server enable traps dial
snmp-server enable traps dsp card-status
snmp-server enable traps voice poor-qov
snmp-server enable traps xgcp
snmp-server host 10.10.152.57 1 
!
dial-peer cor custom
!
!
!
rtr responder
line con 0
line aux 0
line vty 0 4
 password 1
 login
!
ntp authentication-key 1 md5 14131A080F557878 7
ntp authenticate
ntp trusted-key 1
ntp master 1
end

3640#

																						